2025-09-03 17:37:07,495 - CATEGORY: 1030017537 - PRODUCT_ID: 698626048 - URL: https://www.pullandbear.com/ae/playstation-x-stwd-color-block-jacket-l07701511 - STATUS: NEW
2025-09-03 17:37:07,517 - CATEGORY: 1030017537 - PRODUCT_ID: 715722758 - URL: https://www.pullandbear.com/ae/textured-jacket-l07700539 - STATUS: NEW
2025-09-03 17:37:07,518 - CATEGORY: 1030017537 - PRODUCT_ID: 715722759 - URL: https://www.pullandbear.com/ae/baggy-cargo-pants-l07674504 - STATUS: NEW
2025-09-03 17:37:07,519 - CATEGORY: 1030017537 - PRODUCT_ID: 702863368 - URL: https://www.pullandbear.com/ae/stwd-soccer-tshirt-l07152930 - STATUS: NEW
2025-09-03 17:37:07,520 - CATEGORY: 1030017537 - PRODUCT_ID: 715722761 - URL: https://www.pullandbear.com/ae/printed-baggy-joggers-l07675509 - STATUS: NEW
2025-09-03 17:37:07,520 - CATEGORY: 1030017537 - PRODUCT_ID: 715722762 - URL: https://www.pullandbear.com/ae/baggy-jeans-l07683508 - STATUS: NEW
2025-09-03 17:37:07,521 - CATEGORY: 1030017537 - PRODUCT_ID: 702863369 - URL: https://www.pullandbear.com/ae/stwd-soccer-tshirt-l07152931 - STATUS: NEW
2025-09-03 17:37:07,521 - CATEGORY: 1030017537 - PRODUCT_ID: 715722764 - URL: https://www.pullandbear.com/ae/round-neck-sweater-l07550509 - STATUS: NEW
2025-09-03 17:37:07,522 - CATEGORY: 1030017537 - PRODUCT_ID: 701042783 - URL: https://www.pullandbear.com/ae/pack-of-2-bracelets-l07902512 - STATUS: NEW
2025-09-03 17:37:07,522 - CATEGORY: 1030017537 - PRODUCT_ID: 711647332 - URL: https://www.pullandbear.com/ae/basic-round-neck-sweatshirt-l07560514 - STATUS: NEW
2025-09-03 17:37:07,523 - CATEGORY: 1030017537 - PRODUCT_ID: 711647334 - URL: https://www.pullandbear.com/ae/fabric-stwd-backpack-l15090640 - STATUS: NEW
2025-09-03 17:37:07,523 - CATEGORY: 1030017537 - PRODUCT_ID: 702191720 - URL: https://www.pullandbear.com/ae/skater-jeans-l07683519 - STATUS: NEW
2025-09-03 17:37:08,600 - CATEGORY: 1030017537 - PRODUCT_ID: 711475305 - URL: https://www.pullandbear.com/ae/stwd-soccer-tshirt-l07152539 - STATUS: NEW
2025-09-03 17:37:08,601 - CATEGORY: 1030017537 - PRODUCT_ID: 702191721 - URL: https://www.pullandbear.com/ae/skater-jeans-l07683519 - STATUS: NEW
2025-09-03 17:37:08,601 - CATEGORY: 1030017537 - PRODUCT_ID: 702191721 - URL: https://www.pullandbear.com/ae/skater-jeans-l07683519 - STATUS: DUPLICATE
2025-09-03 17:37:08,602 - CATEGORY: 1030017537 - PRODUCT_ID: 702191723 - URL: https://www.pullandbear.com/ae/skater-jeans-l07683519 - STATUS: NEW
2025-09-03 17:37:08,602 - CATEGORY: 1030017537 - PRODUCT_ID: 702191723 - URL: https://www.pullandbear.com/ae/skater-jeans-l07683519 - STATUS: DUPLICATE
2025-09-03 17:37:08,602 - CATEGORY: 1030017537 - PRODUCT_ID: 702191722 - URL: https://www.pullandbear.com/ae/skater-jeans-l07683519 - STATUS: NEW
2025-09-03 17:37:08,603 - CATEGORY: 1030017537 - PRODUCT_ID: 702191722 - URL: https://www.pullandbear.com/ae/skater-jeans-l07683519 - STATUS: DUPLICATE
2025-09-03 17:37:08,603 - CATEGORY: 1030017537 - PRODUCT_ID: 702191725 - URL: https://www.pullandbear.com/ae/skater-jeans-l07683519 - STATUS: NEW
2025-09-03 17:37:08,603 - CATEGORY: 1030017537 - PRODUCT_ID: 702191725 - URL: https://www.pullandbear.com/ae/skater-jeans-l07683519 - STATUS: DUPLICATE
2025-09-03 17:37:08,603 - CATEGORY: 1030017537 - PRODUCT_ID: 713556104 - URL: https://www.pullandbear.com/ae/stwd-checked-soccer-tshirt-l07152929 - STATUS: NEW
2025-09-03 17:37:08,604 - CATEGORY: 1030017537 - PRODUCT_ID: 705642633 - URL: https://www.pullandbear.com/ae/ombre-skater-denim-bermuda-shorts-l03683569 - STATUS: NEW
2025-09-03 17:37:08,604 - CATEGORY: 1030017537 - PRODUCT_ID: 711647400 - URL: https://www.pullandbear.com/ae/basic-round-neck-sweatshirt-l07560514 - STATUS: NEW
2025-09-03 17:37:08,605 - CATEGORY: 1030017537 - PRODUCT_ID: 711647400 - URL: https://www.pullandbear.com/ae/basic-round-neck-sweatshirt-l07560514 - STATUS: DUPLICATE
2025-09-03 17:37:08,605 - CATEGORY: 1030017537 - PRODUCT_ID: 711647404 - URL: https://www.pullandbear.com/ae/stwd-embroidered-hoodie-l07560504 - STATUS: NEW
2025-09-03 17:37:08,605 - CATEGORY: 1030017537 - PRODUCT_ID: 711647405 - URL: https://www.pullandbear.com/ae/stwd-embroidered-hoodie-l07560504 - STATUS: NEW
2025-09-03 17:37:08,606 - CATEGORY: 1030017537 - PRODUCT_ID: 711647405 - URL: https://www.pullandbear.com/ae/stwd-embroidered-hoodie-l07560504 - STATUS: DUPLICATE
2025-09-03 17:37:08,606 - CATEGORY: 1030017537 - PRODUCT_ID: 714313902 - URL: https://www.pullandbear.com/ae/quilted-bomber-jacket-l07700503 - STATUS: NEW
2025-09-03 17:37:08,607 - CATEGORY: 1030017537 - PRODUCT_ID: 711647406 - URL: https://www.pullandbear.com/ae/stwd-washed-hoodie-l07560517 - STATUS: NEW
2025-09-03 17:37:09,173 - CATEGORY: 1030017537 - PRODUCT_ID: 711647407 - URL: https://www.pullandbear.com/ae/stwd-washed-hoodie-l07560517 - STATUS: NEW
2025-09-03 17:37:09,174 - CATEGORY: 1030017537 - PRODUCT_ID: 711647407 - URL: https://www.pullandbear.com/ae/stwd-washed-hoodie-l07560517 - STATUS: DUPLICATE
2025-09-03 17:37:09,174 - CATEGORY: 1030017537 - PRODUCT_ID: 711647413 - URL: https://www.pullandbear.com/ae/stwd-embroidered-hoodie-l07560504 - STATUS: NEW
2025-09-03 17:37:09,175 - CATEGORY: 1030017537 - PRODUCT_ID: 711647413 - URL: https://www.pullandbear.com/ae/stwd-embroidered-hoodie-l07560504 - STATUS: DUPLICATE
2025-09-03 17:37:09,175 - CATEGORY: 1030017537 - PRODUCT_ID: 695244982 - URL: https://www.pullandbear.com/ae/graphic-slogan-sweater-l07550518 - STATUS: NEW
2025-09-03 17:37:09,175 - CATEGORY: 1030017537 - PRODUCT_ID: 714313932 - URL: https://www.pullandbear.com/ae/graphic-slogan-sweater-l07550518 - STATUS: NEW
2025-09-03 17:37:09,176 - CATEGORY: 1030017537 - PRODUCT_ID: 714313932 - URL: https://www.pullandbear.com/ae/graphic-slogan-sweater-l07550518 - STATUS: DUPLICATE
2025-09-03 17:37:09,176 - CATEGORY: 1030017537 - PRODUCT_ID: 714313934 - URL: https://www.pullandbear.com/ae/skater-jeans-l07683519 - STATUS: NEW
2025-09-03 17:37:09,176 - CATEGORY: 1030017537 - PRODUCT_ID: 714313934 - URL: https://www.pullandbear.com/ae/skater-jeans-l07683519 - STATUS: DUPLICATE
2025-09-03 17:37:09,177 - CATEGORY: 1030017537 - PRODUCT_ID: 714313950 - URL: https://www.pullandbear.com/ae/skater-sneakers-l12225640 - STATUS: NEW
2025-09-03 17:37:09,601 - CATEGORY: 1030017537 - PRODUCT_ID: 698994915 - URL: https://www.pullandbear.com/ae/stwd-striped-shirt-l07472557 - STATUS: NEW
2025-09-03 17:37:09,602 - CATEGORY: 1030017537 - PRODUCT_ID: 698994916 - URL: https://www.pullandbear.com/ae/stwd-striped-shirt-l07472557 - STATUS: NEW
2025-09-03 17:37:09,602 - CATEGORY: 1030017537 - PRODUCT_ID: 698994916 - URL: https://www.pullandbear.com/ae/stwd-striped-shirt-l07472557 - STATUS: DUPLICATE
2025-09-03 17:37:09,602 - CATEGORY: 1030017537 - PRODUCT_ID: 703074544 - URL: https://www.pullandbear.com/ae/mickey-mouse-football-sweatshirt-l07650517 - STATUS: NEW
2025-09-03 17:37:09,603 - CATEGORY: 1030017537 - PRODUCT_ID: 711647474 - URL: https://www.pullandbear.com/ae/basic-hoodie-l07560513 - STATUS: NEW
2025-09-03 17:37:09,603 - CATEGORY: 1030017537 - PRODUCT_ID: 711647475 - URL: https://www.pullandbear.com/ae/basic-hoodie-l07560513 - STATUS: NEW
2025-09-03 17:37:09,604 - CATEGORY: 1030017537 - PRODUCT_ID: 711647475 - URL: https://www.pullandbear.com/ae/basic-hoodie-l07560513 - STATUS: DUPLICATE
2025-09-03 17:37:09,604 - CATEGORY: 1030017537 - PRODUCT_ID: 714314049 - URL: https://www.pullandbear.com/ae/washed-denim-jacket-l07700548 - STATUS: NEW
2025-09-03 17:37:09,604 - CATEGORY: 1030017537 - PRODUCT_ID: 714314051 - URL: https://www.pullandbear.com/ae/camouflage-print-jacket-l07701504 - STATUS: NEW
2025-09-03 17:37:09,604 - CATEGORY: 1030017537 - PRODUCT_ID: 714314052 - URL: https://www.pullandbear.com/ae/camouflage-print-carpenter-jeans-l07674512 - STATUS: NEW
2025-09-03 17:37:09,605 - CATEGORY: 1030017537 - PRODUCT_ID: 714314054 - URL: https://www.pullandbear.com/ae/stwd-patch-hoodie-l07560520 - STATUS: NEW
2025-09-03 17:37:09,605 - CATEGORY: 1030017537 - PRODUCT_ID: 714314055 - URL: https://www.pullandbear.com/ae/oklahoma-graphic-tshirt-l07150500 - STATUS: NEW
2025-09-03 17:37:10,060 - CATEGORY: 1030017537 - PRODUCT_ID: 714314056 - URL: https://www.pullandbear.com/ae/camouflage-print-jacket-l07701504 - STATUS: NEW
2025-09-03 17:37:10,060 - CATEGORY: 1030017537 - PRODUCT_ID: 714314056 - URL: https://www.pullandbear.com/ae/camouflage-print-jacket-l07701504 - STATUS: DUPLICATE
2025-09-03 17:37:10,061 - CATEGORY: 1030017537 - PRODUCT_ID: 714314057 - URL: https://www.pullandbear.com/ae/camouflage-print-carpenter-jeans-l07674512 - STATUS: NEW
2025-09-03 17:37:10,062 - CATEGORY: 1030017537 - PRODUCT_ID: 714314057 - URL: https://www.pullandbear.com/ae/camouflage-print-carpenter-jeans-l07674512 - STATUS: DUPLICATE
2025-09-03 17:37:10,062 - CATEGORY: 1030017537 - PRODUCT_ID: 699865418 - URL: https://www.pullandbear.com/ae/technical-playstation-x-stwd-tshirt-l07152533 - STATUS: NEW
2025-09-03 17:37:10,064 - CATEGORY: 1030017537 - PRODUCT_ID: 714314064 - URL: https://www.pullandbear.com/ae/short-sleeve-sweatshirt-with-patch-l07150502 - STATUS: NEW
2025-09-03 17:37:10,065 - CATEGORY: 1030017537 - PRODUCT_ID: 699865426 - URL: https://www.pullandbear.com/ae/playstation-x-stwd-polo-shirt-l07152934 - STATUS: NEW
2025-09-03 17:37:10,066 - CATEGORY: 1030017537 - PRODUCT_ID: 714314066 - URL: https://www.pullandbear.com/ae/camouflage-print-carpenter-jeans-l07674512 - STATUS: NEW
2025-09-03 17:37:10,067 - CATEGORY: 1030017537 - PRODUCT_ID: 714314066 - URL: https://www.pullandbear.com/ae/camouflage-print-carpenter-jeans-l07674512 - STATUS: DUPLICATE
2025-09-03 17:37:10,068 - CATEGORY: 1030017537 - PRODUCT_ID: 699865433 - URL: https://www.pullandbear.com/ae/playstation-x-stwd-football-tshirt-l07152534 - STATUS: NEW
2025-09-03 17:37:10,069 - CATEGORY: 1030017537 - PRODUCT_ID: 714314075 - URL: https://www.pullandbear.com/ae/long-sleeve-tshirt-with-seams-l07151513 - STATUS: NEW
2025-09-03 17:37:10,069 - CATEGORY: 1030017537 - PRODUCT_ID: 714314081 - URL: https://www.pullandbear.com/ae/faded-wideleg-jeans-l07687505 - STATUS: NEW
2025-09-03 17:37:10,070 - CATEGORY: 1030017537 - PRODUCT_ID: 714314084 - URL: https://www.pullandbear.com/ae/car-graphic-tshirt-l07151565 - STATUS: NEW
2025-09-03 17:37:10,070 - CATEGORY: 1030017537 - PRODUCT_ID: 714314085 - URL: https://www.pullandbear.com/ae/striped-tshirt-l07151566 - STATUS: NEW
2025-09-03 17:37:10,524 - CATEGORY: 1030017537 - PRODUCT_ID: 714314091 - URL: https://www.pullandbear.com/ae/stwd-embroidered-logo-hoodie-l07560518 - STATUS: NEW
2025-09-03 17:37:10,525 - CATEGORY: 1030017537 - PRODUCT_ID: 714314102 - URL: https://www.pullandbear.com/ae/waffleknit-sweater-l07550508 - STATUS: NEW
2025-09-03 17:37:10,526 - CATEGORY: 1030017537 - PRODUCT_ID: 714314103 - URL: https://www.pullandbear.com/ae/waffleknit-sweater-l07550508 - STATUS: NEW
2025-09-03 17:37:10,526 - CATEGORY: 1030017537 - PRODUCT_ID: 714314103 - URL: https://www.pullandbear.com/ae/waffleknit-sweater-l07550508 - STATUS: DUPLICATE
2025-09-03 17:37:10,526 - CATEGORY: 1030017537 - PRODUCT_ID: 698806650 - URL: https://www.pullandbear.com/ae/oklahoma-graphic-tshirt-l07150500 - STATUS: NEW
2025-09-03 17:37:10,527 - CATEGORY: 1030017537 - PRODUCT_ID: 698806650 - URL: https://www.pullandbear.com/ae/oklahoma-graphic-tshirt-l07150500 - STATUS: DUPLICATE
2025-09-03 17:37:10,527 - CATEGORY: 1030017537 - PRODUCT_ID: 695060880 - URL: https://www.pullandbear.com/ae/denim-shirt-l07474505 - STATUS: NEW
2025-09-03 17:37:10,527 - CATEGORY: 1030017537 - PRODUCT_ID: 711647642 - URL: https://www.pullandbear.com/ae/stwd-striped-patch-shirt-l07472559 - STATUS: NEW
2025-09-03 17:37:10,528 - CATEGORY: 1030017537 - PRODUCT_ID: 711647643 - URL: https://www.pullandbear.com/ae/stwd-polo-shirt-l07550531 - STATUS: NEW
2025-09-03 17:37:10,529 - CATEGORY: 1030017537 - PRODUCT_ID: 711647644 - URL: https://www.pullandbear.com/ae/stwd-checked-tshirt-l07151553 - STATUS: NEW
2025-09-03 17:37:10,531 - CATEGORY: 1030017537 - PRODUCT_ID: 711647645 - URL: https://www.pullandbear.com/ae/stwd-striped-patch-shirt-l07472559 - STATUS: NEW
2025-09-03 17:37:10,533 - CATEGORY: 1030017537 - PRODUCT_ID: 711647645 - URL: https://www.pullandbear.com/ae/stwd-striped-patch-shirt-l07472559 - STATUS: DUPLICATE
2025-09-03 17:37:10,534 - CATEGORY: 1030017537 - PRODUCT_ID: 711647646 - URL: https://www.pullandbear.com/ae/stretch-belt-l07950504 - STATUS: NEW
2025-09-03 17:37:11,070 - CATEGORY: 1030017537 - PRODUCT_ID: 711647657 - URL: https://www.pullandbear.com/ae/stwd-panelled-shirt-l07472544 - STATUS: NEW
2025-09-03 17:37:11,071 - CATEGORY: 1030017537 - PRODUCT_ID: 714314177 - URL: https://www.pullandbear.com/ae/mickey-mouse-polo-shirt-l07152551 - STATUS: NEW
2025-09-03 17:37:11,071 - CATEGORY: 1030017537 - PRODUCT_ID: 714314185 - URL: https://www.pullandbear.com/ae/white-tshirt-with-gloria-silva-photographic-print-l07151542 - STATUS: NEW
2025-09-03 17:37:11,072 - CATEGORY: 1030017537 - PRODUCT_ID: 692156963 - URL: https://www.pullandbear.com/ae/waffleknit-sweater-l07550508 - STATUS: NEW
2025-09-03 17:37:11,072 - CATEGORY: 1030017537 - PRODUCT_ID: 692156963 - URL: https://www.pullandbear.com/ae/waffleknit-sweater-l07550508 - STATUS: DUPLICATE
2025-09-03 17:37:11,072 - CATEGORY: 1030017537 - PRODUCT_ID: 692156964 - URL: https://www.pullandbear.com/ae/waffleknit-sweater-l07550508 - STATUS: NEW
2025-09-03 17:37:11,073 - CATEGORY: 1030017537 - PRODUCT_ID: 692156964 - URL: https://www.pullandbear.com/ae/waffleknit-sweater-l07550508 - STATUS: DUPLICATE
2025-09-03 17:37:11,073 - CATEGORY: 1030017537 - PRODUCT_ID: 692156965 - URL: https://www.pullandbear.com/ae/waffleknit-sweater-l07550508 - STATUS: NEW
2025-09-03 17:37:11,073 - CATEGORY: 1030017537 - PRODUCT_ID: 692156965 - URL: https://www.pullandbear.com/ae/waffleknit-sweater-l07550508 - STATUS: DUPLICATE
2025-09-03 17:37:11,073 - CATEGORY: 1030017537 - PRODUCT_ID: 692156967 - URL: https://www.pullandbear.com/ae/waffleknit-sweater-l07550508 - STATUS: NEW
2025-09-03 17:37:11,074 - CATEGORY: 1030017537 - PRODUCT_ID: 692156967 - URL: https://www.pullandbear.com/ae/waffleknit-sweater-l07550508 - STATUS: DUPLICATE
2025-09-03 17:37:11,074 - CATEGORY: 1030017537 - PRODUCT_ID: 692157077 - URL: https://www.pullandbear.com/ae/textured-jacket-l07700539 - STATUS: NEW
2025-09-03 17:37:11,074 - CATEGORY: 1030017537 - PRODUCT_ID: 692157077 - URL: https://www.pullandbear.com/ae/textured-jacket-l07700539 - STATUS: DUPLICATE
2025-09-03 17:37:11,074 - CATEGORY: 1030017537 - PRODUCT_ID: 692157078 - URL: https://www.pullandbear.com/ae/textured-jacket-l07700539 - STATUS: NEW
2025-09-03 17:37:11,074 - CATEGORY: 1030017537 - PRODUCT_ID: 692157078 - URL: https://www.pullandbear.com/ae/textured-jacket-l07700539 - STATUS: DUPLICATE
2025-09-03 17:37:11,075 - CATEGORY: 1030017537 - PRODUCT_ID: 714314401 - URL: https://www.pullandbear.com/ae/denim-shirt-l07474505 - STATUS: NEW
2025-09-03 17:37:11,075 - CATEGORY: 1030017537 - PRODUCT_ID: 714314401 - URL: https://www.pullandbear.com/ae/denim-shirt-l07474505 - STATUS: DUPLICATE
2025-09-03 17:37:11,075 - CATEGORY: 1030017537 - PRODUCT_ID: 714314402 - URL: https://www.pullandbear.com/ae/quilted-bomber-jacket-l07700503 - STATUS: NEW
2025-09-03 17:37:11,076 - CATEGORY: 1030017537 - PRODUCT_ID: 714314402 - URL: https://www.pullandbear.com/ae/quilted-bomber-jacket-l07700503 - STATUS: DUPLICATE
2025-09-03 17:37:11,076 - CATEGORY: 1030017537 - PRODUCT_ID: 714314403 - URL: https://www.pullandbear.com/ae/denim-shirt-l07474505 - STATUS: NEW
2025-09-03 17:37:11,077 - CATEGORY: 1030017537 - PRODUCT_ID: 714314403 - URL: https://www.pullandbear.com/ae/denim-shirt-l07474505 - STATUS: DUPLICATE
2025-09-03 17:37:11,624 - CATEGORY: 1030017537 - PRODUCT_ID: 714314404 - URL: https://www.pullandbear.com/ae/faux-leather-jacket-l07700513 - STATUS: NEW
2025-09-03 17:37:11,625 - CATEGORY: 1030017537 - PRODUCT_ID: 697465507 - URL: https://www.pullandbear.com/ae/pack-of-3-rings-l07901501 - STATUS: NEW
2025-09-03 17:37:11,626 - CATEGORY: 1030017537 - PRODUCT_ID: 692151475 - URL: https://www.pullandbear.com/ae/embroidered-varsity-bomber-jacket-l07700527 - STATUS: NEW
2025-09-03 17:37:11,626 - CATEGORY: 1030017537 - PRODUCT_ID: 692151476 - URL: https://www.pullandbear.com/ae/embroidered-varsity-bomber-jacket-l07700527 - STATUS: NEW
2025-09-03 17:37:11,627 - CATEGORY: 1030017537 - PRODUCT_ID: 692151476 - URL: https://www.pullandbear.com/ae/embroidered-varsity-bomber-jacket-l07700527 - STATUS: DUPLICATE
2025-09-03 17:37:11,627 - CATEGORY: 1030017537 - PRODUCT_ID: 714314431 - URL: https://www.pullandbear.com/ae/graphic-slogan-sweater-l07550518 - STATUS: NEW
2025-09-03 17:37:11,627 - CATEGORY: 1030017537 - PRODUCT_ID: 714314431 - URL: https://www.pullandbear.com/ae/graphic-slogan-sweater-l07550518 - STATUS: DUPLICATE
2025-09-03 17:37:11,627 - CATEGORY: 1030017537 - PRODUCT_ID: 714314432 - URL: https://www.pullandbear.com/ae/washed-patch-shirt-l07472533 - STATUS: NEW
2025-09-03 17:37:11,628 - CATEGORY: 1030017537 - PRODUCT_ID: 714314433 - URL: https://www.pullandbear.com/ae/skater-jeans-l07683519 - STATUS: NEW
2025-09-03 17:37:11,628 - CATEGORY: 1030017537 - PRODUCT_ID: 714314433 - URL: https://www.pullandbear.com/ae/skater-jeans-l07683519 - STATUS: DUPLICATE
2025-09-03 17:37:11,628 - CATEGORY: 1030017537 - PRODUCT_ID: 714314434 - URL: https://www.pullandbear.com/ae/graphic-slogan-sweater-l07550518 - STATUS: NEW
2025-09-03 17:37:11,629 - CATEGORY: 1030017537 - PRODUCT_ID: 714314434 - URL: https://www.pullandbear.com/ae/graphic-slogan-sweater-l07550518 - STATUS: DUPLICATE
2025-09-03 17:37:11,629 - CATEGORY: 1030017537 - PRODUCT_ID: 714314436 - URL: https://www.pullandbear.com/ae/skater-jeans-l07683519 - STATUS: NEW
2025-09-03 17:37:11,630 - CATEGORY: 1030017537 - PRODUCT_ID: 714314436 - URL: https://www.pullandbear.com/ae/skater-jeans-l07683519 - STATUS: DUPLICATE
2025-09-03 17:37:11,630 - CATEGORY: 1030017537 - PRODUCT_ID: 703746756 - URL: https://www.pullandbear.com/ae/playstation-x-stwd-cap-l07930539 - STATUS: NEW
2025-09-03 17:37:11,631 - CATEGORY: 1030017537 - PRODUCT_ID: 714314446 - URL: https://www.pullandbear.com/ae/multipanel-trainers-l12302640 - STATUS: NEW
2025-09-03 17:37:11,633 - CATEGORY: 1030017537 - PRODUCT_ID: 692157163 - URL: https://www.pullandbear.com/ae/basic-round-neck-sweatshirt-l07560514 - STATUS: NEW
2025-09-03 17:37:11,634 - CATEGORY: 1030017537 - PRODUCT_ID: 692157163 - URL: https://www.pullandbear.com/ae/basic-round-neck-sweatshirt-l07560514 - STATUS: DUPLICATE
2025-09-03 17:37:12,277 - CATEGORY: 1030017537 - PRODUCT_ID: 692157164 - URL: https://www.pullandbear.com/ae/basic-round-neck-sweatshirt-l07560514 - STATUS: NEW
2025-09-03 17:37:12,278 - CATEGORY: 1030017537 - PRODUCT_ID: 692157164 - URL: https://www.pullandbear.com/ae/basic-round-neck-sweatshirt-l07560514 - STATUS: DUPLICATE
2025-09-03 17:37:12,278 - CATEGORY: 1030017537 - PRODUCT_ID: 692157165 - URL: https://www.pullandbear.com/ae/basic-round-neck-sweatshirt-l07560514 - STATUS: NEW
2025-09-03 17:37:12,279 - CATEGORY: 1030017537 - PRODUCT_ID: 692157165 - URL: https://www.pullandbear.com/ae/basic-round-neck-sweatshirt-l07560514 - STATUS: DUPLICATE
2025-09-03 17:37:12,279 - CATEGORY: 1030017537 - PRODUCT_ID: 697299767 - URL: https://www.pullandbear.com/ae/camouflage-print-jacket-l07701504 - STATUS: NEW
2025-09-03 17:37:12,280 - CATEGORY: 1030017537 - PRODUCT_ID: 697299767 - URL: https://www.pullandbear.com/ae/camouflage-print-jacket-l07701504 - STATUS: DUPLICATE
2025-09-03 17:37:12,280 - CATEGORY: 1030017537 - PRODUCT_ID: 705096506 - URL: https://www.pullandbear.com/ae/short-sleeve-check-shirt-l07472558 - STATUS: NEW
2025-09-03 17:37:12,281 - CATEGORY: 1030017537 - PRODUCT_ID: 703959867 - URL: https://www.pullandbear.com/ae/stwd-checked-soccer-tshirt-l07152929 - STATUS: NEW
2025-09-03 17:37:12,281 - CATEGORY: 1030017537 - PRODUCT_ID: 703959867 - URL: https://www.pullandbear.com/ae/stwd-checked-soccer-tshirt-l07152929 - STATUS: DUPLICATE
2025-09-03 17:37:12,281 - CATEGORY: 1030017537 - PRODUCT_ID: 703959868 - URL: https://www.pullandbear.com/ae/stwd-soccer-tshirt-l07152928 - STATUS: NEW
2025-09-03 17:37:12,282 - CATEGORY: 1030017537 - PRODUCT_ID: 692161349 - URL: https://www.pullandbear.com/ae/round-neck-sweater-l07550509 - STATUS: NEW
2025-09-03 17:37:12,282 - CATEGORY: 1030017537 - PRODUCT_ID: 692161349 - URL: https://www.pullandbear.com/ae/round-neck-sweater-l07550509 - STATUS: DUPLICATE
2025-09-03 17:37:12,283 - CATEGORY: 1030017537 - PRODUCT_ID: 692161350 - URL: https://www.pullandbear.com/ae/round-neck-sweater-l07550509 - STATUS: NEW
2025-09-03 17:37:12,283 - CATEGORY: 1030017537 - PRODUCT_ID: 692161350 - URL: https://www.pullandbear.com/ae/round-neck-sweater-l07550509 - STATUS: DUPLICATE
2025-09-03 17:37:12,283 - CATEGORY: 1030017537 - PRODUCT_ID: 692161352 - URL: https://www.pullandbear.com/ae/round-neck-sweater-l07550509 - STATUS: NEW
2025-09-03 17:37:12,284 - CATEGORY: 1030017537 - PRODUCT_ID: 692161352 - URL: https://www.pullandbear.com/ae/round-neck-sweater-l07550509 - STATUS: DUPLICATE
2025-09-03 17:37:12,284 - CATEGORY: 1030017537 - PRODUCT_ID: 692757367 - URL: https://www.pullandbear.com/ae/tshirt-with-gloria-silva-photo-l07151540 - STATUS: NEW
2025-09-03 17:37:12,284 - CATEGORY: 1030017537 - PRODUCT_ID: 692757372 - URL: https://www.pullandbear.com/ae/white-tshirt-with-gloria-silva-photographic-print-l07151542 - STATUS: NEW
2025-09-03 17:37:12,285 - CATEGORY: 1030017537 - PRODUCT_ID: 692757372 - URL: https://www.pullandbear.com/ae/white-tshirt-with-gloria-silva-photographic-print-l07151542 - STATUS: DUPLICATE
2025-09-03 17:37:12,285 - CATEGORY: 1030017537 - PRODUCT_ID: 692757373 - URL: https://www.pullandbear.com/ae/gloria-silva-photo-tshirt-l07151543 - STATUS: NEW
2025-09-03 17:37:12,693 - CATEGORY: 1030017537 - PRODUCT_ID: 692757376 - URL: https://www.pullandbear.com/ae/black-tshirt-with-gloria-silva-photographic-print-l07151541 - STATUS: NEW
2025-09-03 17:37:12,693 - CATEGORY: 1030017537 - PRODUCT_ID: 705282959 - URL: https://www.pullandbear.com/ae/stwd-striped-patch-shirt-l07472559 - STATUS: NEW
2025-09-03 17:37:12,694 - CATEGORY: 1030017537 - PRODUCT_ID: 705282959 - URL: https://www.pullandbear.com/ae/stwd-striped-patch-shirt-l07472559 - STATUS: DUPLICATE
2025-09-03 17:37:12,694 - CATEGORY: 1030017537 - PRODUCT_ID: 697267100 - URL: https://www.pullandbear.com/ae/contrast-stitch-tshirt-l07151551 - STATUS: NEW
2025-09-03 17:37:12,694 - CATEGORY: 1030017537 - PRODUCT_ID: 697267102 - URL: https://www.pullandbear.com/ae/long-sleeve-striped-polo-shirt-l07550519 - STATUS: NEW
2025-09-03 17:37:12,695 - CATEGORY: 1030017537 - PRODUCT_ID: 692161447 - URL: https://www.pullandbear.com/ae/long-sleeve-tshirt-with-seams-l07151513 - STATUS: NEW
2025-09-03 17:37:12,695 - CATEGORY: 1030017537 - PRODUCT_ID: 692161447 - URL: https://www.pullandbear.com/ae/long-sleeve-tshirt-with-seams-l07151513 - STATUS: DUPLICATE
2025-09-03 17:37:12,696 - CATEGORY: 1030017537 - PRODUCT_ID: 692161448 - URL: https://www.pullandbear.com/ae/long-sleeve-tshirt-with-seams-l07151513 - STATUS: NEW
2025-09-03 17:37:12,696 - CATEGORY: 1030017537 - PRODUCT_ID: 692161448 - URL: https://www.pullandbear.com/ae/long-sleeve-tshirt-with-seams-l07151513 - STATUS: DUPLICATE
2025-09-03 17:37:12,696 - CATEGORY: 1030017537 - PRODUCT_ID: 692161480 - URL: https://www.pullandbear.com/ae/stwd-embroidered-hoodie-l07560504 - STATUS: NEW
2025-09-03 17:37:12,697 - CATEGORY: 1030017537 - PRODUCT_ID: 692161480 - URL: https://www.pullandbear.com/ae/stwd-embroidered-hoodie-l07560504 - STATUS: DUPLICATE
2025-09-03 17:37:12,697 - CATEGORY: 1030017537 - PRODUCT_ID: 692161481 - URL: https://www.pullandbear.com/ae/stwd-embroidered-hoodie-l07560504 - STATUS: NEW
2025-09-03 17:37:12,697 - CATEGORY: 1030017537 - PRODUCT_ID: 692161481 - URL: https://www.pullandbear.com/ae/stwd-embroidered-hoodie-l07560504 - STATUS: DUPLICATE
2025-09-03 17:37:12,697 - CATEGORY: 1030017537 - PRODUCT_ID: 692161482 - URL: https://www.pullandbear.com/ae/stwd-embroidered-hoodie-l07560504 - STATUS: NEW
2025-09-03 17:37:12,698 - CATEGORY: 1030017537 - PRODUCT_ID: 692161482 - URL: https://www.pullandbear.com/ae/stwd-embroidered-hoodie-l07560504 - STATUS: DUPLICATE
2025-09-03 17:37:12,698 - CATEGORY: 1030017537 - PRODUCT_ID: 713407435 - URL: https://www.pullandbear.com/ae/washed-patch-shirt-l07472533 - STATUS: NEW
2025-09-03 17:37:12,698 - CATEGORY: 1030017537 - PRODUCT_ID: 713407435 - URL: https://www.pullandbear.com/ae/washed-patch-shirt-l07472533 - STATUS: DUPLICATE
2025-09-03 17:37:12,698 - CATEGORY: 1030017537 - PRODUCT_ID: 713407436 - URL: https://www.pullandbear.com/ae/stwd-embroidered-tshirt-l07151552 - STATUS: NEW
2025-09-03 17:37:12,699 - CATEGORY: 1030017537 - PRODUCT_ID: 713407437 - URL: https://www.pullandbear.com/ae/stwd-striped-patch-shirt-l07472559 - STATUS: NEW
2025-09-03 17:37:12,699 - CATEGORY: 1030017537 - PRODUCT_ID: 713407437 - URL: https://www.pullandbear.com/ae/stwd-striped-patch-shirt-l07472559 - STATUS: DUPLICATE
2025-09-03 17:37:13,486 - CATEGORY: 1030017537 - PRODUCT_ID: 713407443 - URL: https://www.pullandbear.com/ae/stwd-checked-tshirt-l07151553 - STATUS: NEW
2025-09-03 17:37:13,487 - CATEGORY: 1030017537 - PRODUCT_ID: 713407443 - URL: https://www.pullandbear.com/ae/stwd-checked-tshirt-l07151553 - STATUS: DUPLICATE
2025-09-03 17:37:13,487 - CATEGORY: 1030017537 - PRODUCT_ID: 698993627 - URL: https://www.pullandbear.com/ae/northern-sea-cap-l07930531 - STATUS: NEW
2025-09-03 17:37:13,487 - CATEGORY: 1030017537 - PRODUCT_ID: 713407476 - URL: https://www.pullandbear.com/ae/baggy-jeans-l07683508 - STATUS: NEW
2025-09-03 17:37:13,488 - CATEGORY: 1030017537 - PRODUCT_ID: 713407476 - URL: https://www.pullandbear.com/ae/baggy-jeans-l07683508 - STATUS: DUPLICATE
2025-09-03 17:37:13,488 - CATEGORY: 1030017537 - PRODUCT_ID: 713407477 - URL: https://www.pullandbear.com/ae/baggy-jeans-l07683508 - STATUS: NEW
2025-09-03 17:37:13,488 - CATEGORY: 1030017537 - PRODUCT_ID: 713407477 - URL: https://www.pullandbear.com/ae/baggy-jeans-l07683508 - STATUS: DUPLICATE
2025-09-03 17:37:13,488 - CATEGORY: 1030017537 - PRODUCT_ID: 713407478 - URL: https://www.pullandbear.com/ae/baggy-jeans-l07683508 - STATUS: NEW
2025-09-03 17:37:13,489 - CATEGORY: 1030017537 - PRODUCT_ID: 713407478 - URL: https://www.pullandbear.com/ae/baggy-jeans-l07683508 - STATUS: DUPLICATE
2025-09-03 17:37:13,489 - CATEGORY: 1030017537 - PRODUCT_ID: 713407490 - URL: https://www.pullandbear.com/ae/baggy-jeans-l07683508 - STATUS: NEW
2025-09-03 17:37:13,489 - CATEGORY: 1030017537 - PRODUCT_ID: 713407490 - URL: https://www.pullandbear.com/ae/baggy-jeans-l07683508 - STATUS: DUPLICATE
2025-09-03 17:37:13,489 - CATEGORY: 1030017537 - PRODUCT_ID: 698625026 - URL: https://www.pullandbear.com/ae/no-place-like-home-cap-l07930529 - STATUS: NEW
2025-09-03 17:37:13,489 - CATEGORY: 1030017537 - PRODUCT_ID: 713407492 - URL: https://www.pullandbear.com/ae/stwd-checked-tshirt-l07151553 - STATUS: NEW
2025-09-03 17:37:13,490 - CATEGORY: 1030017537 - PRODUCT_ID: 713407492 - URL: https://www.pullandbear.com/ae/stwd-checked-tshirt-l07151553 - STATUS: DUPLICATE
2025-09-03 17:37:13,490 - CATEGORY: 1030017537 - PRODUCT_ID: 713407498 - URL: https://www.pullandbear.com/ae/wideleg-jeans-l07683512 - STATUS: NEW
2025-09-03 17:37:13,490 - CATEGORY: 1030017537 - PRODUCT_ID: 698625043 - URL: https://www.pullandbear.com/ae/striped-tshirt-l07151566 - STATUS: NEW
2025-09-03 17:37:13,491 - CATEGORY: 1030017537 - PRODUCT_ID: 698625043 - URL: https://www.pullandbear.com/ae/striped-tshirt-l07151566 - STATUS: DUPLICATE
2025-09-03 17:37:13,491 - CATEGORY: 1030017537 - PRODUCT_ID: 692157459 - URL: https://www.pullandbear.com/ae/cotton-jacket-with-zipper-l07700521 - STATUS: NEW
2025-09-03 17:37:13,491 - CATEGORY: 1030017537 - PRODUCT_ID: 703710244 - URL: https://www.pullandbear.com/ae/mickey-mouse-hoodie-l07650516 - STATUS: NEW
2025-09-03 17:37:13,836 - CATEGORY: 1030017537 - PRODUCT_ID: 698625082 - URL: https://www.pullandbear.com/ae/short-sleeve-tshirt-with-graphic-and-slogan-l07151576 - STATUS: NEW
2025-09-03 17:37:13,838 - CATEGORY: 1030017537 - PRODUCT_ID: 699722889 - URL: https://www.pullandbear.com/ae/playstation-x-stwd-panelled-hoodie-l07160516 - STATUS: NEW
2025-09-03 17:37:13,838 - CATEGORY: 1030017537 - PRODUCT_ID: 699722891 - URL: https://www.pullandbear.com/ae/panelled-playstation-x-stwd-tshirt-l07152530 - STATUS: NEW
2025-09-03 17:37:13,839 - CATEGORY: 1030017537 - PRODUCT_ID: 700847260 - URL: https://www.pullandbear.com/ae/2pack-of-beaded-necklaces-l07902510 - STATUS: NEW
2025-09-03 17:37:13,841 - CATEGORY: 1030017537 - PRODUCT_ID: 716676259 - URL: https://www.pullandbear.com/ae/vest-graphic-tshirt-l07151574 - STATUS: NEW
2025-09-03 17:37:13,842 - CATEGORY: 1030017537 - PRODUCT_ID: 716676260 - URL: https://www.pullandbear.com/ae/frayed-zipup-hoodie-l07560527 - STATUS: NEW
2025-09-03 17:37:13,842 - CATEGORY: 1030017537 - PRODUCT_ID: 716676261 - URL: https://www.pullandbear.com/ae/acidwash-stwd-sweater-l07550515 - STATUS: NEW
2025-09-03 17:37:13,843 - CATEGORY: 1030017537 - PRODUCT_ID: 716676262 - URL: https://www.pullandbear.com/ae/stwd-text-tshirt-l07151573 - STATUS: NEW
2025-09-03 17:37:13,843 - CATEGORY: 1030017537 - PRODUCT_ID: 716676266 - URL: https://www.pullandbear.com/ae/acidwash-stwd-sweater-l07550515 - STATUS: NEW
2025-09-03 17:37:13,844 - CATEGORY: 1030017537 - PRODUCT_ID: 716676266 - URL: https://www.pullandbear.com/ae/acidwash-stwd-sweater-l07550515 - STATUS: DUPLICATE
2025-09-03 17:37:13,844 - CATEGORY: 1030017537 - PRODUCT_ID: 716676267 - URL: https://www.pullandbear.com/ae/frayed-zipup-hoodie-l07560527 - STATUS: NEW
2025-09-03 17:37:13,844 - CATEGORY: 1030017537 - PRODUCT_ID: 716676267 - URL: https://www.pullandbear.com/ae/frayed-zipup-hoodie-l07560527 - STATUS: DUPLICATE
2025-09-03 17:37:13,844 - CATEGORY: 1030017537 - PRODUCT_ID: 716676269 - URL: https://www.pullandbear.com/ae/snoopy-mesh-tshirt-l07152921 - STATUS: NEW
2025-09-03 17:37:13,845 - CATEGORY: 1030017537 - PRODUCT_ID: 716676270 - URL: https://www.pullandbear.com/ae/snoopy-white-sweatshirt-l07151937 - STATUS: NEW
2025-09-03 17:37:15,733 - CATEGORY: 1030017537 - PRODUCT_ID: 716676271 - URL: https://www.pullandbear.com/ae/snoopy-striped-polo-shirt-l07152923 - STATUS: NEW
2025-09-03 17:37:15,734 - CATEGORY: 1030017537 - PRODUCT_ID: 703079602 - URL: https://www.pullandbear.com/ae/mickey-mouse-hoodie-l07160917 - STATUS: NEW
2025-09-03 17:37:15,734 - CATEGORY: 1030017537 - PRODUCT_ID: 715295923 - URL: https://www.pullandbear.com/ae/mickey-mouse-hoodie-l07160917 - STATUS: NEW
2025-09-03 17:37:15,735 - CATEGORY: 1030017537 - PRODUCT_ID: 715295923 - URL: https://www.pullandbear.com/ae/mickey-mouse-hoodie-l07160917 - STATUS: DUPLICATE
2025-09-03 17:37:15,735 - CATEGORY: 1030017537 - PRODUCT_ID: 715295924 - URL: https://www.pullandbear.com/ae/mickey-mouse-short-sleeve-tshirt-l07152550 - STATUS: NEW
2025-09-03 17:37:15,735 - CATEGORY: 1030017537 - PRODUCT_ID: 713555124 - URL: https://www.pullandbear.com/ae/relaxed-fit-baggy-jeans-l07683515 - STATUS: NEW
2025-09-03 17:37:15,736 - CATEGORY: 1030017537 - PRODUCT_ID: 703079606 - URL: https://www.pullandbear.com/ae/mickey-mouse-blue-tshirt-l07152914 - STATUS: NEW
2025-09-03 17:37:15,736 - CATEGORY: 1030017537 - PRODUCT_ID: 703079607 - URL: https://www.pullandbear.com/ae/mickey-mouse-short-sleeve-tshirt-l07152550 - STATUS: NEW
2025-09-03 17:37:15,737 - CATEGORY: 1030017537 - PRODUCT_ID: 703079607 - URL: https://www.pullandbear.com/ae/mickey-mouse-short-sleeve-tshirt-l07152550 - STATUS: DUPLICATE
2025-09-03 17:37:15,737 - CATEGORY: 1030017537 - PRODUCT_ID: 703079608 - URL: https://www.pullandbear.com/ae/mickey-mouse-polo-shirt-l07152551 - STATUS: NEW
2025-09-03 17:37:15,737 - CATEGORY: 1030017537 - PRODUCT_ID: 703079608 - URL: https://www.pullandbear.com/ae/mickey-mouse-polo-shirt-l07152551 - STATUS: DUPLICATE
2025-09-03 17:37:15,737 - CATEGORY: 1030017537 - PRODUCT_ID: 713555127 - URL: https://www.pullandbear.com/ae/relaxed-fit-baggy-jeans-l07683515 - STATUS: NEW
2025-09-03 17:37:15,738 - CATEGORY: 1030017537 - PRODUCT_ID: 713555127 - URL: https://www.pullandbear.com/ae/relaxed-fit-baggy-jeans-l07683515 - STATUS: DUPLICATE
2025-09-03 17:37:15,738 - CATEGORY: 1030017537 - PRODUCT_ID: 713555126 - URL: https://www.pullandbear.com/ae/relaxed-fit-baggy-jeans-l07683515 - STATUS: NEW
2025-09-03 17:37:15,738 - CATEGORY: 1030017537 - PRODUCT_ID: 713555126 - URL: https://www.pullandbear.com/ae/relaxed-fit-baggy-jeans-l07683515 - STATUS: DUPLICATE
2025-09-03 17:37:15,739 - CATEGORY: 1030017537 - PRODUCT_ID: 713555125 - URL: https://www.pullandbear.com/ae/wideleg-jeans-l07683512 - STATUS: NEW
2025-09-03 17:37:15,739 - CATEGORY: 1030017537 - PRODUCT_ID: 713555125 - URL: https://www.pullandbear.com/ae/wideleg-jeans-l07683512 - STATUS: DUPLICATE
2025-09-03 17:37:15,739 - CATEGORY: 1030017537 - PRODUCT_ID: 692161724 - URL: https://www.pullandbear.com/ae/faux-leather-jacket-l07700513 - STATUS: NEW
2025-09-03 17:37:15,740 - CATEGORY: 1030017537 - PRODUCT_ID: 692161724 - URL: https://www.pullandbear.com/ae/faux-leather-jacket-l07700513 - STATUS: DUPLICATE
2025-09-03 17:37:16,887 - CATEGORY: 1030017537 - PRODUCT_ID: 703079613 - URL: https://www.pullandbear.com/ae/mickey-mouse-tshirt-l07152552 - STATUS: NEW
2025-09-03 17:37:16,889 - CATEGORY: 1030017537 - PRODUCT_ID: 713555128 - URL: https://www.pullandbear.com/ae/wideleg-jeans-l07683512 - STATUS: NEW
2025-09-03 17:37:16,890 - CATEGORY: 1030017537 - PRODUCT_ID: 713555128 - URL: https://www.pullandbear.com/ae/wideleg-jeans-l07683512 - STATUS: DUPLICATE
2025-09-03 17:37:16,890 - CATEGORY: 1030017537 - PRODUCT_ID: 716676288 - URL: https://www.pullandbear.com/ae/baggy-cargo-jeans-l07687511 - STATUS: NEW
2025-09-03 17:37:16,890 - CATEGORY: 1030017537 - PRODUCT_ID: 716676289 - URL: https://www.pullandbear.com/ae/baggy-cargo-jeans-l07687511 - STATUS: NEW
2025-09-03 17:37:16,891 - CATEGORY: 1030017537 - PRODUCT_ID: 716676289 - URL: https://www.pullandbear.com/ae/baggy-cargo-jeans-l07687511 - STATUS: DUPLICATE
2025-09-03 17:37:16,891 - CATEGORY: 1030017537 - PRODUCT_ID: 716676290 - URL: https://www.pullandbear.com/ae/baggy-cargo-jeans-l07687511 - STATUS: NEW
2025-09-03 17:37:16,891 - CATEGORY: 1030017537 - PRODUCT_ID: 716676290 - URL: https://www.pullandbear.com/ae/baggy-cargo-jeans-l07687511 - STATUS: DUPLICATE
2025-09-03 17:37:16,891 - CATEGORY: 1030017537 - PRODUCT_ID: 695878851 - URL: https://www.pullandbear.com/ae/baggy-cargo-pants-l07674504 - STATUS: NEW
2025-09-03 17:37:16,892 - CATEGORY: 1030017537 - PRODUCT_ID: 695878851 - URL: https://www.pullandbear.com/ae/baggy-cargo-pants-l07674504 - STATUS: DUPLICATE
2025-09-03 17:37:16,892 - CATEGORY: 1030017537 - PRODUCT_ID: 716676292 - URL: https://www.pullandbear.com/ae/bell-bottom-jeans-l07687516 - STATUS: NEW
2025-09-03 17:37:16,892 - CATEGORY: 1030017537 - PRODUCT_ID: 716676293 - URL: https://www.pullandbear.com/ae/baggy-cargo-jeans-l07687511 - STATUS: NEW
2025-09-03 17:37:16,893 - CATEGORY: 1030017537 - PRODUCT_ID: 716676293 - URL: https://www.pullandbear.com/ae/baggy-cargo-jeans-l07687511 - STATUS: DUPLICATE
2025-09-03 17:37:16,893 - CATEGORY: 1030017537 - PRODUCT_ID: 695878853 - URL: https://www.pullandbear.com/ae/car-graphic-tshirt-l07151565 - STATUS: NEW
2025-09-03 17:37:16,893 - CATEGORY: 1030017537 - PRODUCT_ID: 695878853 - URL: https://www.pullandbear.com/ae/car-graphic-tshirt-l07151565 - STATUS: DUPLICATE
2025-09-03 17:37:16,894 - CATEGORY: 1030017537 - PRODUCT_ID: 699518151 - URL: https://www.pullandbear.com/ae/stwd-boxy-tshirt-l07152529 - STATUS: NEW
2025-09-03 17:37:16,894 - CATEGORY: 1030017537 - PRODUCT_ID: 695878848 - URL: https://www.pullandbear.com/ae/baggy-cargo-trousers-l07674505 - STATUS: NEW
2025-09-03 17:37:16,895 - CATEGORY: 1030017537 - PRODUCT_ID: 697013457 - URL: https://www.pullandbear.com/ae/stwd-91-hockey-tshirt-l07152511 - STATUS: NEW
2025-09-03 17:37:18,493 - CATEGORY: 1030017537 - PRODUCT_ID: 716676318 - URL: https://www.pullandbear.com/ae/acid-wash-faded-knit-sweater-l07550510 - STATUS: NEW
2025-09-03 17:37:18,495 - CATEGORY: 1030017537 - PRODUCT_ID: 716676319 - URL: https://www.pullandbear.com/ae/striped-long-sleeve-shirt-l07472567 - STATUS: NEW
2025-09-03 17:37:18,495 - CATEGORY: 1030017537 - PRODUCT_ID: 716676320 - URL: https://www.pullandbear.com/ae/quarterzip-sweater-l07550511 - STATUS: NEW
2025-09-03 17:37:18,496 - CATEGORY: 1030017537 - PRODUCT_ID: 716676321 - URL: https://www.pullandbear.com/ae/quarterzip-sweater-l07550511 - STATUS: NEW
2025-09-03 17:37:18,497 - CATEGORY: 1030017537 - PRODUCT_ID: 716676321 - URL: https://www.pullandbear.com/ae/quarterzip-sweater-l07550511 - STATUS: DUPLICATE
2025-09-03 17:37:18,497 - CATEGORY: 1030017537 - PRODUCT_ID: 699518178 - URL: https://www.pullandbear.com/ae/camouflage-print-carpenter-jeans-l07674512 - STATUS: NEW
2025-09-03 17:37:18,497 - CATEGORY: 1030017537 - PRODUCT_ID: 699518178 - URL: https://www.pullandbear.com/ae/camouflage-print-carpenter-jeans-l07674512 - STATUS: DUPLICATE
2025-09-03 17:37:18,497 - CATEGORY: 1030017537 - PRODUCT_ID: 716676322 - URL: https://www.pullandbear.com/ae/quarterzip-sweater-l07550511 - STATUS: NEW
2025-09-03 17:37:18,498 - CATEGORY: 1030017537 - PRODUCT_ID: 716676322 - URL: https://www.pullandbear.com/ae/quarterzip-sweater-l07550511 - STATUS: DUPLICATE
2025-09-03 17:37:18,498 - CATEGORY: 1030017537 - PRODUCT_ID: 716676325 - URL: https://www.pullandbear.com/ae/striped-long-sleeve-shirt-l07472567 - STATUS: NEW
2025-09-03 17:37:18,499 - CATEGORY: 1030017537 - PRODUCT_ID: 716676325 - URL: https://www.pullandbear.com/ae/striped-long-sleeve-shirt-l07472567 - STATUS: DUPLICATE
2025-09-03 17:37:18,499 - CATEGORY: 1030017537 - PRODUCT_ID: 716676326 - URL: https://www.pullandbear.com/ae/acid-wash-faded-knit-sweater-l07550510 - STATUS: NEW
2025-09-03 17:37:18,500 - CATEGORY: 1030017537 - PRODUCT_ID: 716676326 - URL: https://www.pullandbear.com/ae/acid-wash-faded-knit-sweater-l07550510 - STATUS: DUPLICATE
2025-09-03 17:37:18,500 - CATEGORY: 1030017537 - PRODUCT_ID: 716676327 - URL: https://www.pullandbear.com/ae/quarterzip-sweater-l07550511 - STATUS: NEW
2025-09-03 17:37:18,500 - CATEGORY: 1030017537 - PRODUCT_ID: 716676327 - URL: https://www.pullandbear.com/ae/quarterzip-sweater-l07550511 - STATUS: DUPLICATE
2025-09-03 17:37:18,501 - CATEGORY: 1030017537 - PRODUCT_ID: 716676328 - URL: https://www.pullandbear.com/ae/striped-long-sleeve-shirt-l07472567 - STATUS: NEW
2025-09-03 17:37:18,501 - CATEGORY: 1030017537 - PRODUCT_ID: 716676328 - URL: https://www.pullandbear.com/ae/striped-long-sleeve-shirt-l07472567 - STATUS: DUPLICATE
2025-09-03 17:37:18,501 - CATEGORY: 1030017537 - PRODUCT_ID: 716676329 - URL: https://www.pullandbear.com/ae/quarterzip-sweater-l07550511 - STATUS: NEW
2025-09-03 17:37:18,502 - CATEGORY: 1030017537 - PRODUCT_ID: 716676329 - URL: https://www.pullandbear.com/ae/quarterzip-sweater-l07550511 - STATUS: DUPLICATE
2025-09-03 17:37:19,916 - CATEGORY: 1030017537 - PRODUCT_ID: 699323629 - URL: https://www.pullandbear.com/ae/short-raglan-sleeve-tshirt-l07151575 - STATUS: NEW
2025-09-03 17:37:19,917 - CATEGORY: 1030017537 - PRODUCT_ID: 692151535 - URL: https://www.pullandbear.com/ae/quilted-bomber-jacket-l07700503 - STATUS: NEW
2025-09-03 17:37:19,918 - CATEGORY: 1030017537 - PRODUCT_ID: 692151535 - URL: https://www.pullandbear.com/ae/quilted-bomber-jacket-l07700503 - STATUS: DUPLICATE
2025-09-03 17:37:19,918 - CATEGORY: 1030017537 - PRODUCT_ID: 699323632 - URL: https://www.pullandbear.com/ae/acid-wash-cardigan-l07550534 - STATUS: NEW
2025-09-03 17:37:19,919 - CATEGORY: 1030017537 - PRODUCT_ID: 699323631 - URL: https://www.pullandbear.com/ae/short-raglan-sleeve-tshirt-l07151575 - STATUS: NEW
2025-09-03 17:37:19,920 - CATEGORY: 1030017537 - PRODUCT_ID: 699323631 - URL: https://www.pullandbear.com/ae/short-raglan-sleeve-tshirt-l07151575 - STATUS: DUPLICATE
2025-09-03 17:37:19,920 - CATEGORY: 1030017537 - PRODUCT_ID: 716676338 - URL: https://www.pullandbear.com/ae/quarterzip-sweater-l07550511 - STATUS: NEW
2025-09-03 17:37:19,920 - CATEGORY: 1030017537 - PRODUCT_ID: 716676338 - URL: https://www.pullandbear.com/ae/quarterzip-sweater-l07550511 - STATUS: DUPLICATE
2025-09-03 17:37:19,920 - CATEGORY: 1030017537 - PRODUCT_ID: 699323634 - URL: https://www.pullandbear.com/ae/cropped-zipup-hoodie-l07560528 - STATUS: NEW
2025-09-03 17:37:19,921 - CATEGORY: 1030017537 - PRODUCT_ID: 716676340 - URL: https://www.pullandbear.com/ae/acid-wash-faded-knit-sweater-l07550510 - STATUS: NEW
2025-09-03 17:37:19,921 - CATEGORY: 1030017537 - PRODUCT_ID: 716676340 - URL: https://www.pullandbear.com/ae/acid-wash-faded-knit-sweater-l07550510 - STATUS: DUPLICATE
2025-09-03 17:37:19,922 - CATEGORY: 1030017537 - PRODUCT_ID: 692151553 - URL: https://www.pullandbear.com/ae/graphic-slogan-sweater-l07550518 - STATUS: NEW
2025-09-03 17:37:19,922 - CATEGORY: 1030017537 - PRODUCT_ID: 692151553 - URL: https://www.pullandbear.com/ae/graphic-slogan-sweater-l07550518 - STATUS: DUPLICATE
2025-09-03 17:37:19,922 - CATEGORY: 1030017537 - PRODUCT_ID: 692151554 - URL: https://www.pullandbear.com/ae/graphic-slogan-sweater-l07550518 - STATUS: NEW
2025-09-03 17:37:19,923 - CATEGORY: 1030017537 - PRODUCT_ID: 692151554 - URL: https://www.pullandbear.com/ae/graphic-slogan-sweater-l07550518 - STATUS: DUPLICATE
2025-09-03 17:37:19,923 - CATEGORY: 1030017537 - PRODUCT_ID: 697656593 - URL: https://www.pullandbear.com/ae/washed-patch-shirt-l07472533 - STATUS: NEW
2025-09-03 17:37:19,923 - CATEGORY: 1030017537 - PRODUCT_ID: 697656593 - URL: https://www.pullandbear.com/ae/washed-patch-shirt-l07472533 - STATUS: DUPLICATE
2025-09-03 17:37:19,923 - CATEGORY: 1030017537 - PRODUCT_ID: 693509394 - URL: https://www.pullandbear.com/ae/baggy-cargo-trousers-l07674505 - STATUS: NEW
2025-09-03 17:37:19,924 - CATEGORY: 1030017537 - PRODUCT_ID: 693509394 - URL: https://www.pullandbear.com/ae/baggy-cargo-trousers-l07674505 - STATUS: DUPLICATE
2025-09-03 17:37:19,924 - CATEGORY: 1030017537 - PRODUCT_ID: 692761888 - URL: https://www.pullandbear.com/ae/stwd-embroidered-logo-hoodie-l07560518 - STATUS: NEW
2025-09-03 17:37:19,940 - CATEGORY: 1030017537 - PRODUCT_ID: 692761888 - URL: https://www.pullandbear.com/ae/stwd-embroidered-logo-hoodie-l07560518 - STATUS: DUPLICATE
2025-09-03 17:37:21,559 - CATEGORY: 1030017537 - PRODUCT_ID: 692761889 - URL: https://www.pullandbear.com/ae/stwd-embroidered-logo-hoodie-l07560518 - STATUS: NEW
2025-09-03 17:37:21,560 - CATEGORY: 1030017537 - PRODUCT_ID: 692761889 - URL: https://www.pullandbear.com/ae/stwd-embroidered-logo-hoodie-l07560518 - STATUS: DUPLICATE
2025-09-03 17:37:21,561 - CATEGORY: 1030017537 - PRODUCT_ID: 692761890 - URL: https://www.pullandbear.com/ae/stwd-embroidered-logo-hoodie-l07560518 - STATUS: NEW
2025-09-03 17:37:21,562 - CATEGORY: 1030017537 - PRODUCT_ID: 692761890 - URL: https://www.pullandbear.com/ae/stwd-embroidered-logo-hoodie-l07560518 - STATUS: DUPLICATE
2025-09-03 17:37:21,562 - CATEGORY: 1030017537 - PRODUCT_ID: 692761891 - URL: https://www.pullandbear.com/ae/stwd-embroidered-logo-hoodie-l07560518 - STATUS: NEW
2025-09-03 17:37:21,563 - CATEGORY: 1030017537 - PRODUCT_ID: 692761891 - URL: https://www.pullandbear.com/ae/stwd-embroidered-logo-hoodie-l07560518 - STATUS: DUPLICATE
2025-09-03 17:37:21,563 - CATEGORY: 1030017537 - PRODUCT_ID: 692761893 - URL: https://www.pullandbear.com/ae/stwd-patch-hoodie-l07560520 - STATUS: NEW
2025-09-03 17:37:21,564 - CATEGORY: 1030017537 - PRODUCT_ID: 692761893 - URL: https://www.pullandbear.com/ae/stwd-patch-hoodie-l07560520 - STATUS: DUPLICATE
2025-09-03 17:37:21,565 - CATEGORY: 1030017537 - PRODUCT_ID: 692761894 - URL: https://www.pullandbear.com/ae/stwd-patch-hoodie-l07560520 - STATUS: NEW
2025-09-03 17:37:21,566 - CATEGORY: 1030017537 - PRODUCT_ID: 692761894 - URL: https://www.pullandbear.com/ae/stwd-patch-hoodie-l07560520 - STATUS: DUPLICATE
2025-09-03 17:37:21,566 - CATEGORY: 1030017537 - PRODUCT_ID: 692761895 - URL: https://www.pullandbear.com/ae/stwd-patch-hoodie-l07560520 - STATUS: NEW
2025-09-03 17:37:21,567 - CATEGORY: 1030017537 - PRODUCT_ID: 692761895 - URL: https://www.pullandbear.com/ae/stwd-patch-hoodie-l07560520 - STATUS: DUPLICATE
2025-09-03 17:37:21,567 - CATEGORY: 1030017537 - PRODUCT_ID: 692151622 - URL: https://www.pullandbear.com/ae/basic-hoodie-l07560513 - STATUS: NEW
2025-09-03 17:37:21,568 - CATEGORY: 1030017537 - PRODUCT_ID: 692151622 - URL: https://www.pullandbear.com/ae/basic-hoodie-l07560513 - STATUS: DUPLICATE
2025-09-03 17:37:21,568 - CATEGORY: 1030017537 - PRODUCT_ID: 692151623 - URL: https://www.pullandbear.com/ae/basic-hoodie-l07560513 - STATUS: NEW
2025-09-03 17:37:21,569 - CATEGORY: 1030017537 - PRODUCT_ID: 692151623 - URL: https://www.pullandbear.com/ae/basic-hoodie-l07560513 - STATUS: DUPLICATE
2025-09-03 17:37:21,569 - CATEGORY: 1030017537 - PRODUCT_ID: 692151624 - URL: https://www.pullandbear.com/ae/basic-hoodie-l07560513 - STATUS: NEW
2025-09-03 17:37:21,570 - CATEGORY: 1030017537 - PRODUCT_ID: 692151624 - URL: https://www.pullandbear.com/ae/basic-hoodie-l07560513 - STATUS: DUPLICATE
2025-09-03 17:37:21,571 - CATEGORY: 1030017537 - PRODUCT_ID: 692151625 - URL: https://www.pullandbear.com/ae/basic-hoodie-l07560513 - STATUS: NEW
2025-09-03 17:37:21,572 - CATEGORY: 1030017537 - PRODUCT_ID: 692151625 - URL: https://www.pullandbear.com/ae/basic-hoodie-l07560513 - STATUS: DUPLICATE
2025-09-03 17:37:21,572 - CATEGORY: 1030017537 - PRODUCT_ID: 692151626 - URL: https://www.pullandbear.com/ae/basic-hoodie-l07560513 - STATUS: NEW
2025-09-03 17:37:21,574 - CATEGORY: 1030017537 - PRODUCT_ID: 692151626 - URL: https://www.pullandbear.com/ae/basic-hoodie-l07560513 - STATUS: DUPLICATE
2025-09-03 17:37:21,574 - CATEGORY: 1030017537 - PRODUCT_ID: 695434567 - URL: https://www.pullandbear.com/ae/brown-faux-suede-belt-l07950510 - STATUS: NEW
2025-09-03 17:37:22,773 - CATEGORY: 1030017537 - PRODUCT_ID: 692151638 - URL: https://www.pullandbear.com/ae/acid-wash-faded-sweater-l07550514 - STATUS: NEW
2025-09-03 17:37:22,774 - CATEGORY: 1030017537 - PRODUCT_ID: 692151639 - URL: https://www.pullandbear.com/ae/acid-wash-faded-sweater-l07550514 - STATUS: NEW
2025-09-03 17:37:22,775 - CATEGORY: 1030017537 - PRODUCT_ID: 692151639 - URL: https://www.pullandbear.com/ae/acid-wash-faded-sweater-l07550514 - STATUS: DUPLICATE
2025-09-03 17:37:22,776 - CATEGORY: 1030017537 - PRODUCT_ID: 715296123 - URL: https://www.pullandbear.com/ae/playstation-x-stwd-color-block-jacket-l07701511 - STATUS: NEW
2025-09-03 17:37:22,776 - CATEGORY: 1030017537 - PRODUCT_ID: 715296123 - URL: https://www.pullandbear.com/ae/playstation-x-stwd-color-block-jacket-l07701511 - STATUS: DUPLICATE
2025-09-03 17:37:22,777 - CATEGORY: 1030017537 - PRODUCT_ID: 695434620 - URL: https://www.pullandbear.com/ae/stwd-80-hockey-tshirt-l07151579 - STATUS: NEW
2025-09-03 17:37:22,777 - CATEGORY: 1030017537 - PRODUCT_ID: 715296126 - URL: https://www.pullandbear.com/ae/playstation-x-stwd-lightweight-zipup-jacket-l07701512 - STATUS: NEW
2025-09-03 17:37:22,778 - CATEGORY: 1030017537 - PRODUCT_ID: 715296127 - URL: https://www.pullandbear.com/ae/playstation-x-stwd-panelled-hoodie-l07160516 - STATUS: NEW
2025-09-03 17:37:22,778 - CATEGORY: 1030017537 - PRODUCT_ID: 715296127 - URL: https://www.pullandbear.com/ae/playstation-x-stwd-panelled-hoodie-l07160516 - STATUS: DUPLICATE
2025-09-03 17:37:22,778 - CATEGORY: 1030017537 - PRODUCT_ID: 695434624 - URL: https://www.pullandbear.com/ae/stwd-text-soccer-tshirt-l07151578 - STATUS: NEW
2025-09-03 17:37:22,779 - CATEGORY: 1030017537 - PRODUCT_ID: 695434626 - URL: https://www.pullandbear.com/ae/stwd-hockey-tshirt-l07151577 - STATUS: NEW
2025-09-03 17:37:22,780 - CATEGORY: 1030017537 - PRODUCT_ID: 715296131 - URL: https://www.pullandbear.com/ae/panelled-playstation-x-stwd-tshirt-l07152530 - STATUS: NEW
2025-09-03 17:37:22,780 - CATEGORY: 1030017537 - PRODUCT_ID: 715296131 - URL: https://www.pullandbear.com/ae/panelled-playstation-x-stwd-tshirt-l07152530 - STATUS: DUPLICATE
2025-09-03 17:37:22,781 - CATEGORY: 1030017537 - PRODUCT_ID: 715296132 - URL: https://www.pullandbear.com/ae/playstation-x-stwd-joggers-l07674517 - STATUS: NEW
2025-09-03 17:37:22,781 - CATEGORY: 1030017537 - PRODUCT_ID: 696280454 - URL: https://www.pullandbear.com/ae/baggy-cargo-trousers-l07674505 - STATUS: NEW
2025-09-03 17:37:22,781 - CATEGORY: 1030017537 - PRODUCT_ID: 696280454 - URL: https://www.pullandbear.com/ae/baggy-cargo-trousers-l07674505 - STATUS: DUPLICATE
2025-09-03 17:37:23,599 - CATEGORY: 1030017537 - PRODUCT_ID: 715754925 - URL: https://www.pullandbear.com/ae/striped-photo-print-tshirt-l07151536 - STATUS: NEW
2025-09-03 17:37:23,600 - CATEGORY: 1030017537 - PRODUCT_ID: 715754926 - URL: https://www.pullandbear.com/ae/short-sleeve-sweatshirt-with-giraffe-graphic-l07151539 - STATUS: NEW
2025-09-03 17:37:23,601 - CATEGORY: 1030017537 - PRODUCT_ID: 715754927 - URL: https://www.pullandbear.com/ae/knit-sweater-with-embroidered-slogan-l07550516 - STATUS: NEW
2025-09-03 17:37:23,602 - CATEGORY: 1030017537 - PRODUCT_ID: 715754928 - URL: https://www.pullandbear.com/ae/knit-sweater-with-embroidered-slogan-l07550516 - STATUS: NEW
2025-09-03 17:37:23,602 - CATEGORY: 1030017537 - PRODUCT_ID: 715754928 - URL: https://www.pullandbear.com/ae/knit-sweater-with-embroidered-slogan-l07550516 - STATUS: DUPLICATE
2025-09-03 17:37:23,603 - CATEGORY: 1030017537 - PRODUCT_ID: 715754929 - URL: https://www.pullandbear.com/ae/double-sleeve-shirt-l07472555 - STATUS: NEW
2025-09-03 17:37:23,603 - CATEGORY: 1030017537 - PRODUCT_ID: 715754930 - URL: https://www.pullandbear.com/ae/long-sleeve-polo-shirt-l07200510 - STATUS: NEW
2025-09-03 17:37:23,604 - CATEGORY: 1030017537 - PRODUCT_ID: 715754931 - URL: https://www.pullandbear.com/ae/short-sleeve-sweatshirt-with-graphic-l07151535 - STATUS: NEW
2025-09-03 17:37:23,604 - CATEGORY: 1030017537 - PRODUCT_ID: 715754932 - URL: https://www.pullandbear.com/ae/polo-collar-sweatshirt-l07200509 - STATUS: NEW
2025-09-03 17:37:23,605 - CATEGORY: 1030017537 - PRODUCT_ID: 715754933 - URL: https://www.pullandbear.com/ae/wideleg-jeans-with-darts-l07687565 - STATUS: NEW
2025-09-03 17:37:23,606 - CATEGORY: 1030017537 - PRODUCT_ID: 715754934 - URL: https://www.pullandbear.com/ae/denim-jacket-with-zipper-l07700550 - STATUS: NEW
2025-09-03 17:37:23,606 - CATEGORY: 1030017537 - PRODUCT_ID: 715754935 - URL: https://www.pullandbear.com/ae/super-baggy-jacquard-trousers-l07674507 - STATUS: NEW
2025-09-03 17:37:23,606 - CATEGORY: 1030017537 - PRODUCT_ID: 715754936 - URL: https://www.pullandbear.com/ae/wideleg-jeans-with-darts-l07687565 - STATUS: NEW
2025-09-03 17:37:23,607 - CATEGORY: 1030017537 - PRODUCT_ID: 715754936 - URL: https://www.pullandbear.com/ae/wideleg-jeans-with-darts-l07687565 - STATUS: DUPLICATE
2025-09-03 17:37:24,517 - CATEGORY: 1030017537 - PRODUCT_ID: 715754937 - URL: https://www.pullandbear.com/ae/short-sleeve-mosquito-sweatshirt-l07151537 - STATUS: NEW
2025-09-03 17:37:24,518 - CATEGORY: 1030017537 - PRODUCT_ID: 715754938 - URL: https://www.pullandbear.com/ae/stwd-hooded-zipup-jacket-l07700507 - STATUS: NEW
2025-09-03 17:37:24,519 - CATEGORY: 1030017537 - PRODUCT_ID: 715754939 - URL: https://www.pullandbear.com/ae/balloon-fit-jeans-with-embroidered-pocket-l03683512 - STATUS: NEW
2025-09-03 17:37:24,520 - CATEGORY: 1030017537 - PRODUCT_ID: 715754940 - URL: https://www.pullandbear.com/ae/stwd-apple-hoodie-l07560560 - STATUS: NEW
2025-09-03 17:37:24,521 - CATEGORY: 1030017537 - PRODUCT_ID: 692151735 - URL: https://www.pullandbear.com/ae/jacket-with-corduroy-collar-l07700520 - STATUS: NEW
2025-09-03 17:37:24,522 - CATEGORY: 1030017537 - PRODUCT_ID: 715754942 - URL: https://www.pullandbear.com/ae/stwd-studio-hoodie-l07560521 - STATUS: NEW
2025-09-03 17:37:24,523 - CATEGORY: 1030017537 - PRODUCT_ID: 715754943 - URL: https://www.pullandbear.com/ae/stwd-hooded-zipup-jacket-l07700507 - STATUS: NEW
2025-09-03 17:37:24,524 - CATEGORY: 1030017537 - PRODUCT_ID: 715754943 - URL: https://www.pullandbear.com/ae/stwd-hooded-zipup-jacket-l07700507 - STATUS: DUPLICATE
2025-09-03 17:37:24,524 - CATEGORY: 1030017537 - PRODUCT_ID: 715754944 - URL: https://www.pullandbear.com/ae/stwd-studio-hoodie-l07560521 - STATUS: NEW
2025-09-03 17:37:24,525 - CATEGORY: 1030017537 - PRODUCT_ID: 715754944 - URL: https://www.pullandbear.com/ae/stwd-studio-hoodie-l07560521 - STATUS: DUPLICATE
2025-09-03 17:37:24,525 - CATEGORY: 1030017537 - PRODUCT_ID: 715754946 - URL: https://www.pullandbear.com/ae/stwd-studio-hoodie-l07560533 - STATUS: NEW
2025-09-03 17:37:24,526 - CATEGORY: 1030017537 - PRODUCT_ID: 715754947 - URL: https://www.pullandbear.com/ae/stwd-gallery-hoodie-l07560538 - STATUS: NEW
2025-09-03 17:37:24,526 - CATEGORY: 1030017537 - PRODUCT_ID: 713407942 - URL: https://www.pullandbear.com/ae/retro-trainers-l12218640 - STATUS: NEW
2025-09-03 17:37:26,363 - CATEGORY: 1030017537 - PRODUCT_ID: 715754951 - URL: https://www.pullandbear.com/ae/stwd-graphic-tshirt-l07152506 - STATUS: NEW
2025-09-03 17:37:26,364 - CATEGORY: 1030017537 - PRODUCT_ID: 715754957 - URL: https://www.pullandbear.com/ae/stwd-ripstop-raincoat-l07700526 - STATUS: NEW
2025-09-03 17:37:26,364 - CATEGORY: 1030017537 - PRODUCT_ID: 715754959 - URL: https://www.pullandbear.com/ae/stwd-ripstop-raincoat-l07700526 - STATUS: NEW
2025-09-03 17:37:26,365 - CATEGORY: 1030017537 - PRODUCT_ID: 715754959 - URL: https://www.pullandbear.com/ae/stwd-ripstop-raincoat-l07700526 - STATUS: DUPLICATE
2025-09-03 17:37:26,366 - CATEGORY: 1030017537 - PRODUCT_ID: 715754960 - URL: https://www.pullandbear.com/ae/stwd-ripstop-raincoat-l07700526 - STATUS: NEW
2025-09-03 17:37:26,367 - CATEGORY: 1030017537 - PRODUCT_ID: 715754960 - URL: https://www.pullandbear.com/ae/stwd-ripstop-raincoat-l07700526 - STATUS: DUPLICATE
2025-09-03 17:37:26,367 - CATEGORY: 1030017537 - PRODUCT_ID: 713407953 - URL: https://www.pullandbear.com/ae/faded-stwd-tshirt-l07151563 - STATUS: NEW
2025-09-03 17:37:26,368 - CATEGORY: 1030017537 - PRODUCT_ID: 715754964 - URL: https://www.pullandbear.com/ae/metallic-trainers-l12305640 - STATUS: NEW
2025-09-03 17:37:26,369 - CATEGORY: 1030017537 - PRODUCT_ID: 715754968 - URL: https://www.pullandbear.com/ae/playstation-x-stwd-football-tshirt-l07152534 - STATUS: NEW
2025-09-03 17:37:26,370 - CATEGORY: 1030017537 - PRODUCT_ID: 715754968 - URL: https://www.pullandbear.com/ae/playstation-x-stwd-football-tshirt-l07152534 - STATUS: DUPLICATE
2025-09-03 17:37:26,370 - CATEGORY: 1030017537 - PRODUCT_ID: 715754969 - URL: https://www.pullandbear.com/ae/playstation-x-stwd-lightweight-zipup-jacket-l07701512 - STATUS: NEW
2025-09-03 17:37:26,371 - CATEGORY: 1030017537 - PRODUCT_ID: 715754969 - URL: https://www.pullandbear.com/ae/playstation-x-stwd-lightweight-zipup-jacket-l07701512 - STATUS: DUPLICATE
2025-09-03 17:37:26,371 - CATEGORY: 1030017537 - PRODUCT_ID: 715754970 - URL: https://www.pullandbear.com/ae/playstation-x-stwd-joggers-l07674518 - STATUS: NEW
2025-09-03 17:37:26,372 - CATEGORY: 1030017537 - PRODUCT_ID: 697697759 - URL: https://www.pullandbear.com/ae/jacket-with-corduroy-collar-l07700520 - STATUS: NEW
2025-09-03 17:37:26,373 - CATEGORY: 1030017537 - PRODUCT_ID: 697697759 - URL: https://www.pullandbear.com/ae/jacket-with-corduroy-collar-l07700520 - STATUS: DUPLICATE
2025-09-03 17:37:26,373 - CATEGORY: 1030017537 - PRODUCT_ID: 713407973 - URL: https://www.pullandbear.com/ae/baggy-jeans-l07683508 - STATUS: NEW
2025-09-03 17:37:26,374 - CATEGORY: 1030017537 - PRODUCT_ID: 713407973 - URL: https://www.pullandbear.com/ae/baggy-jeans-l07683508 - STATUS: DUPLICATE
2025-09-03 17:37:27,327 - CATEGORY: 1030017537 - PRODUCT_ID: 713407976 - URL: https://www.pullandbear.com/ae/stwd-embroidered-tshirt-l07151552 - STATUS: NEW
2025-09-03 17:37:27,328 - CATEGORY: 1030017537 - PRODUCT_ID: 713407976 - URL: https://www.pullandbear.com/ae/stwd-embroidered-tshirt-l07151552 - STATUS: DUPLICATE
2025-09-03 17:37:27,328 - CATEGORY: 1030017537 - PRODUCT_ID: 713407983 - URL: https://www.pullandbear.com/ae/wideleg-jeans-l07683512 - STATUS: NEW
2025-09-03 17:37:27,329 - CATEGORY: 1030017537 - PRODUCT_ID: 713407983 - URL: https://www.pullandbear.com/ae/wideleg-jeans-l07683512 - STATUS: DUPLICATE
2025-09-03 17:37:27,329 - CATEGORY: 1030017537 - PRODUCT_ID: 715754996 - URL: https://www.pullandbear.com/ae/denim-hooded-jacket-l07700545 - STATUS: NEW
2025-09-03 17:37:27,329 - CATEGORY: 1030017537 - PRODUCT_ID: 699909624 - URL: https://www.pullandbear.com/ae/stwd-soccer-tshirt-l07152539 - STATUS: NEW
2025-09-03 17:37:27,330 - CATEGORY: 1030017537 - PRODUCT_ID: 699909624 - URL: https://www.pullandbear.com/ae/stwd-soccer-tshirt-l07152539 - STATUS: DUPLICATE
2025-09-03 17:37:27,330 - CATEGORY: 1030017537 - PRODUCT_ID: 699909625 - URL: https://www.pullandbear.com/ae/stwd-soccer-tshirt-l07152538 - STATUS: NEW
2025-09-03 17:37:27,330 - CATEGORY: 1030017537 - PRODUCT_ID: 701515258 - URL: https://www.pullandbear.com/ae/embroidered-new-york-cap-l07930536 - STATUS: NEW
2025-09-03 17:37:27,331 - CATEGORY: 1030017537 - PRODUCT_ID: 699909629 - URL: https://www.pullandbear.com/ae/stwd-madrid-football-tshirt-l07152540 - STATUS: NEW
2025-09-03 17:37:27,331 - CATEGORY: 1030017537 - PRODUCT_ID: 715755006 - URL: https://www.pullandbear.com/ae/sweatpants-with-splits-l03681501 - STATUS: NEW
2025-09-03 17:37:27,331 - CATEGORY: 1030017537 - PRODUCT_ID: 715755005 - URL: https://www.pullandbear.com/ae/sweatpants-with-splits-l03681501 - STATUS: NEW
2025-09-03 17:37:27,332 - CATEGORY: 1030017537 - PRODUCT_ID: 715755005 - URL: https://www.pullandbear.com/ae/sweatpants-with-splits-l03681501 - STATUS: DUPLICATE
2025-09-03 17:37:27,332 - CATEGORY: 1030017537 - PRODUCT_ID: 715755007 - URL: https://www.pullandbear.com/ae/sweatpants-with-splits-l03681501 - STATUS: NEW
2025-09-03 17:37:27,332 - CATEGORY: 1030017537 - PRODUCT_ID: 715755007 - URL: https://www.pullandbear.com/ae/sweatpants-with-splits-l03681501 - STATUS: DUPLICATE
2025-09-03 17:37:27,332 - CATEGORY: 1030017537 - PRODUCT_ID: 715755017 - URL: https://www.pullandbear.com/ae/baggy-cargo-pants-l07674504 - STATUS: NEW
2025-09-03 17:37:27,333 - CATEGORY: 1030017537 - PRODUCT_ID: 715755017 - URL: https://www.pullandbear.com/ae/baggy-cargo-pants-l07674504 - STATUS: DUPLICATE
2025-09-03 17:37:27,333 - CATEGORY: 1030017537 - PRODUCT_ID: 715755018 - URL: https://www.pullandbear.com/ae/printed-baggy-joggers-l07675509 - STATUS: NEW
2025-09-03 17:37:27,333 - CATEGORY: 1030017537 - PRODUCT_ID: 715755018 - URL: https://www.pullandbear.com/ae/printed-baggy-joggers-l07675509 - STATUS: DUPLICATE
2025-09-03 17:37:28,456 - CATEGORY: 1030017537 - PRODUCT_ID: 715755021 - URL: https://www.pullandbear.com/ae/textured-jacket-l07700539 - STATUS: NEW
2025-09-03 17:37:28,457 - CATEGORY: 1030017537 - PRODUCT_ID: 715755021 - URL: https://www.pullandbear.com/ae/textured-jacket-l07700539 - STATUS: DUPLICATE
2025-09-03 17:37:28,457 - CATEGORY: 1030017537 - PRODUCT_ID: 715755022 - URL: https://www.pullandbear.com/ae/baggy-jeans-l07683508 - STATUS: NEW
2025-09-03 17:37:28,458 - CATEGORY: 1030017537 - PRODUCT_ID: 715755022 - URL: https://www.pullandbear.com/ae/baggy-jeans-l07683508 - STATUS: DUPLICATE
2025-09-03 17:37:28,458 - CATEGORY: 1030017537 - PRODUCT_ID: 715755023 - URL: https://www.pullandbear.com/ae/baggy-jeans-l07683508 - STATUS: NEW
2025-09-03 17:37:28,458 - CATEGORY: 1030017537 - PRODUCT_ID: 715755023 - URL: https://www.pullandbear.com/ae/baggy-jeans-l07683508 - STATUS: DUPLICATE
2025-09-03 17:37:28,458 - CATEGORY: 1030017537 - PRODUCT_ID: 715755027 - URL: https://www.pullandbear.com/ae/round-neck-sweater-l07550509 - STATUS: NEW
2025-09-03 17:37:28,459 - CATEGORY: 1030017537 - PRODUCT_ID: 715755027 - URL: https://www.pullandbear.com/ae/round-neck-sweater-l07550509 - STATUS: DUPLICATE
2025-09-03 17:37:28,459 - CATEGORY: 1030017537 - PRODUCT_ID: 701515286 - URL: https://www.pullandbear.com/ae/playstation-x-stwd-striped-tshirt-l07152531 - STATUS: NEW
2025-09-03 17:37:28,459 - CATEGORY: 1030017537 - PRODUCT_ID: 700380729 - URL: https://www.pullandbear.com/ae/playstation-x-stwd-lightweight-zipup-jacket-l07701512 - STATUS: NEW
2025-09-03 17:37:28,459 - CATEGORY: 1030017537 - PRODUCT_ID: 700380729 - URL: https://www.pullandbear.com/ae/playstation-x-stwd-lightweight-zipup-jacket-l07701512 - STATUS: DUPLICATE
2025-09-03 17:37:28,460 - CATEGORY: 1030017537 - PRODUCT_ID: 697075259 - URL: https://www.pullandbear.com/ae/stwd-polo-shirt-l07550531 - STATUS: NEW
2025-09-03 17:37:28,460 - CATEGORY: 1030017537 - PRODUCT_ID: 697075259 - URL: https://www.pullandbear.com/ae/stwd-polo-shirt-l07550531 - STATUS: DUPLICATE
2025-09-03 17:37:28,460 - CATEGORY: 1030017537 - PRODUCT_ID: 702129733 - URL: https://www.pullandbear.com/ae/playstation-x-stwd-joggers-l07674517 - STATUS: NEW
2025-09-03 17:37:28,460 - CATEGORY: 1030017537 - PRODUCT_ID: 702129733 - URL: https://www.pullandbear.com/ae/playstation-x-stwd-joggers-l07674517 - STATUS: DUPLICATE
2025-09-03 17:37:28,460 - CATEGORY: 1030017537 - PRODUCT_ID: 692151907 - URL: https://www.pullandbear.com/ae/stwd-washed-hoodie-l07560517 - STATUS: NEW
2025-09-03 17:37:28,461 - CATEGORY: 1030017537 - PRODUCT_ID: 692151907 - URL: https://www.pullandbear.com/ae/stwd-washed-hoodie-l07560517 - STATUS: DUPLICATE
2025-09-03 17:37:28,461 - CATEGORY: 1030017537 - PRODUCT_ID: 692151908 - URL: https://www.pullandbear.com/ae/stwd-washed-hoodie-l07560517 - STATUS: NEW
2025-09-03 17:37:28,462 - CATEGORY: 1030017537 - PRODUCT_ID: 692151908 - URL: https://www.pullandbear.com/ae/stwd-washed-hoodie-l07560517 - STATUS: DUPLICATE
2025-09-03 17:37:28,462 - CATEGORY: 1030017537 - PRODUCT_ID: 692151909 - URL: https://www.pullandbear.com/ae/stwd-washed-hoodie-l07560517 - STATUS: NEW
2025-09-03 17:37:28,462 - CATEGORY: 1030017537 - PRODUCT_ID: 692151909 - URL: https://www.pullandbear.com/ae/stwd-washed-hoodie-l07560517 - STATUS: DUPLICATE
2025-09-03 17:37:29,563 - CATEGORY: 1030017537 - PRODUCT_ID: 692151910 - URL: https://www.pullandbear.com/ae/stwd-washed-hoodie-l07560517 - STATUS: NEW
2025-09-03 17:37:29,565 - CATEGORY: 1030017537 - PRODUCT_ID: 692151910 - URL: https://www.pullandbear.com/ae/stwd-washed-hoodie-l07560517 - STATUS: DUPLICATE
2025-09-03 17:37:29,565 - CATEGORY: 1030017537 - PRODUCT_ID: 711646827 - URL: https://www.pullandbear.com/ae/basic-round-neck-sweatshirt-l07560514 - STATUS: NEW
2025-09-03 17:37:29,566 - CATEGORY: 1030017537 - PRODUCT_ID: 711646827 - URL: https://www.pullandbear.com/ae/basic-round-neck-sweatshirt-l07560514 - STATUS: DUPLICATE
2025-09-03 17:37:29,566 - CATEGORY: 1030017537 - PRODUCT_ID: 711646828 - URL: https://www.pullandbear.com/ae/basic-round-neck-sweatshirt-l07560514 - STATUS: NEW
2025-09-03 17:37:29,566 - CATEGORY: 1030017537 - PRODUCT_ID: 711646828 - URL: https://www.pullandbear.com/ae/basic-round-neck-sweatshirt-l07560514 - STATUS: DUPLICATE
2025-09-03 17:37:29,567 - CATEGORY: 1030017537 - PRODUCT_ID: 711646831 - URL: https://www.pullandbear.com/ae/nylon-stwd-crossbody-bag-l15024640 - STATUS: NEW
2025-09-03 17:37:29,567 - CATEGORY: 1030017537 - PRODUCT_ID: 716676733 - URL: https://www.pullandbear.com/ae/side-stripe-baggy-jeans-l07687503 - STATUS: NEW
2025-09-03 17:37:29,568 - CATEGORY: 1030017537 - PRODUCT_ID: 716676734 - URL: https://www.pullandbear.com/ae/stwd-printed-cardigan-l07550520 - STATUS: NEW
2025-09-03 17:37:29,568 - CATEGORY: 1030017537 - PRODUCT_ID: 716676735 - URL: https://www.pullandbear.com/ae/stwd-studio-contrast-stitch-tshirt-l07151572 - STATUS: NEW
2025-09-03 17:37:29,569 - CATEGORY: 1030017537 - PRODUCT_ID: 716676736 - URL: https://www.pullandbear.com/ae/washed-stwd-shirt-l07472534 - STATUS: NEW
2025-09-03 17:37:29,570 - CATEGORY: 1030017537 - PRODUCT_ID: 716676737 - URL: https://www.pullandbear.com/ae/embroidered-stwd-cap-l07930528 - STATUS: NEW
2025-09-03 17:37:29,570 - CATEGORY: 1030017537 - PRODUCT_ID: 716676738 - URL: https://www.pullandbear.com/ae/acidwash-stwd-sweater-l07550515 - STATUS: NEW
2025-09-03 17:37:29,570 - CATEGORY: 1030017537 - PRODUCT_ID: 716676738 - URL: https://www.pullandbear.com/ae/acidwash-stwd-sweater-l07550515 - STATUS: DUPLICATE
2025-09-03 17:37:29,571 - CATEGORY: 1030017537 - PRODUCT_ID: 716676739 - URL: https://www.pullandbear.com/ae/stwd-text-tshirt-l07151573 - STATUS: NEW
2025-09-03 17:37:29,571 - CATEGORY: 1030017537 - PRODUCT_ID: 716676739 - URL: https://www.pullandbear.com/ae/stwd-text-tshirt-l07151573 - STATUS: DUPLICATE
2025-09-03 17:37:29,571 - CATEGORY: 1030017537 - PRODUCT_ID: 716676740 - URL: https://www.pullandbear.com/ae/frayed-zipup-hoodie-l07560527 - STATUS: NEW
2025-09-03 17:37:29,571 - CATEGORY: 1030017537 - PRODUCT_ID: 716676740 - URL: https://www.pullandbear.com/ae/frayed-zipup-hoodie-l07560527 - STATUS: DUPLICATE
2025-09-03 17:37:30,426 - CATEGORY: 1030017537 - PRODUCT_ID: 711474821 - URL: https://www.pullandbear.com/ae/stwd-madrid-football-tshirt-l07152540 - STATUS: NEW
2025-09-03 17:37:30,427 - CATEGORY: 1030017537 - PRODUCT_ID: 711474821 - URL: https://www.pullandbear.com/ae/stwd-madrid-football-tshirt-l07152540 - STATUS: DUPLICATE
2025-09-03 17:37:30,427 - CATEGORY: 1030017537 - PRODUCT_ID: 716676745 - URL: https://www.pullandbear.com/ae/stwd-text-tshirt-l07151573 - STATUS: NEW
2025-09-03 17:37:30,427 - CATEGORY: 1030017537 - PRODUCT_ID: 716676745 - URL: https://www.pullandbear.com/ae/stwd-text-tshirt-l07151573 - STATUS: DUPLICATE
2025-09-03 17:37:30,427 - CATEGORY: 1030017537 - PRODUCT_ID: 716676746 - URL: https://www.pullandbear.com/ae/washed-stwd-shirt-l07472534 - STATUS: NEW
2025-09-03 17:37:30,428 - CATEGORY: 1030017537 - PRODUCT_ID: 716676746 - URL: https://www.pullandbear.com/ae/washed-stwd-shirt-l07472534 - STATUS: DUPLICATE
2025-09-03 17:37:30,428 - CATEGORY: 1030017537 - PRODUCT_ID: 716676747 - URL: https://www.pullandbear.com/ae/acidwash-stwd-sweater-l07550515 - STATUS: NEW
2025-09-03 17:37:30,428 - CATEGORY: 1030017537 - PRODUCT_ID: 716676747 - URL: https://www.pullandbear.com/ae/acidwash-stwd-sweater-l07550515 - STATUS: DUPLICATE
2025-09-03 17:37:30,429 - CATEGORY: 1030017537 - PRODUCT_ID: 716676748 - URL: https://www.pullandbear.com/ae/frayed-zipup-hoodie-l07560527 - STATUS: NEW
2025-09-03 17:37:30,429 - CATEGORY: 1030017537 - PRODUCT_ID: 716676748 - URL: https://www.pullandbear.com/ae/frayed-zipup-hoodie-l07560527 - STATUS: DUPLICATE
2025-09-03 17:37:30,429 - CATEGORY: 1030017537 - PRODUCT_ID: 716676749 - URL: https://www.pullandbear.com/ae/stwd-studio-contrast-stitch-tshirt-l07151572 - STATUS: NEW
2025-09-03 17:37:30,430 - CATEGORY: 1030017537 - PRODUCT_ID: 716676749 - URL: https://www.pullandbear.com/ae/stwd-studio-contrast-stitch-tshirt-l07151572 - STATUS: DUPLICATE
2025-09-03 17:37:30,430 - CATEGORY: 1030017537 - PRODUCT_ID: 716676750 - URL: https://www.pullandbear.com/ae/stwd-printed-cardigan-l07550520 - STATUS: NEW
2025-09-03 17:37:30,431 - CATEGORY: 1030017537 - PRODUCT_ID: 716676750 - URL: https://www.pullandbear.com/ae/stwd-printed-cardigan-l07550520 - STATUS: DUPLICATE
2025-09-03 17:37:30,431 - CATEGORY: 1030017537 - PRODUCT_ID: 716676751 - URL: https://www.pullandbear.com/ae/vest-graphic-tshirt-l07151574 - STATUS: NEW
2025-09-03 17:37:30,433 - CATEGORY: 1030017537 - PRODUCT_ID: 716676751 - URL: https://www.pullandbear.com/ae/vest-graphic-tshirt-l07151574 - STATUS: DUPLICATE
2025-09-03 17:37:30,433 - CATEGORY: 1030017537 - PRODUCT_ID: 716676753 - URL: https://www.pullandbear.com/ae/snoopy-blue-mesh-tshirt-l07152922 - STATUS: NEW
2025-09-03 17:37:30,434 - CATEGORY: 1030017537 - PRODUCT_ID: 713555621 - URL: https://www.pullandbear.com/ae/relaxed-fit-baggy-jeans-l07683515 - STATUS: NEW
2025-09-03 17:37:30,434 - CATEGORY: 1030017537 - PRODUCT_ID: 713555621 - URL: https://www.pullandbear.com/ae/relaxed-fit-baggy-jeans-l07683515 - STATUS: DUPLICATE
2025-09-03 17:37:30,434 - CATEGORY: 1030017537 - PRODUCT_ID: 713555622 - URL: https://www.pullandbear.com/ae/relaxed-fit-baggy-jeans-l07683515 - STATUS: NEW
2025-09-03 17:37:30,435 - CATEGORY: 1030017537 - PRODUCT_ID: 713555622 - URL: https://www.pullandbear.com/ae/relaxed-fit-baggy-jeans-l07683515 - STATUS: DUPLICATE
2025-09-03 17:37:31,632 - CATEGORY: 1030017537 - PRODUCT_ID: 713555623 - URL: https://www.pullandbear.com/ae/wideleg-jeans-l07683512 - STATUS: NEW
2025-09-03 17:37:31,634 - CATEGORY: 1030017537 - PRODUCT_ID: 713555623 - URL: https://www.pullandbear.com/ae/wideleg-jeans-l07683512 - STATUS: DUPLICATE
2025-09-03 17:37:31,634 - CATEGORY: 1030017537 - PRODUCT_ID: 713555624 - URL: https://www.pullandbear.com/ae/relaxed-fit-baggy-jeans-l07683515 - STATUS: NEW
2025-09-03 17:37:31,635 - CATEGORY: 1030017537 - PRODUCT_ID: 713555624 - URL: https://www.pullandbear.com/ae/relaxed-fit-baggy-jeans-l07683515 - STATUS: DUPLICATE
2025-09-03 17:37:31,636 - CATEGORY: 1030017537 - PRODUCT_ID: 713555625 - URL: https://www.pullandbear.com/ae/wideleg-jeans-l07683512 - STATUS: NEW
2025-09-03 17:37:31,636 - CATEGORY: 1030017537 - PRODUCT_ID: 713555625 - URL: https://www.pullandbear.com/ae/wideleg-jeans-l07683512 - STATUS: DUPLICATE
2025-09-03 17:37:31,636 - CATEGORY: 1030017537 - PRODUCT_ID: 711646894 - URL: https://www.pullandbear.com/ae/basic-hoodie-l07560513 - STATUS: NEW
2025-09-03 17:37:31,636 - CATEGORY: 1030017537 - PRODUCT_ID: 711646894 - URL: https://www.pullandbear.com/ae/basic-hoodie-l07560513 - STATUS: DUPLICATE
2025-09-03 17:37:31,636 - CATEGORY: 1030017537 - PRODUCT_ID: 711646895 - URL: https://www.pullandbear.com/ae/basic-hoodie-l07560513 - STATUS: NEW
2025-09-03 17:37:31,637 - CATEGORY: 1030017537 - PRODUCT_ID: 711646895 - URL: https://www.pullandbear.com/ae/basic-hoodie-l07560513 - STATUS: DUPLICATE
2025-09-03 17:37:31,637 - CATEGORY: 1030017537 - PRODUCT_ID: 716676783 - URL: https://www.pullandbear.com/ae/baggy-cargo-jeans-l07687511 - STATUS: NEW
2025-09-03 17:37:31,637 - CATEGORY: 1030017537 - PRODUCT_ID: 716676783 - URL: https://www.pullandbear.com/ae/baggy-cargo-jeans-l07687511 - STATUS: DUPLICATE
2025-09-03 17:37:31,637 - CATEGORY: 1030017537 - PRODUCT_ID: 711646897 - URL: https://www.pullandbear.com/ae/stwd-embroidered-hoodie-l07560504 - STATUS: NEW
2025-09-03 17:37:31,638 - CATEGORY: 1030017537 - PRODUCT_ID: 711646897 - URL: https://www.pullandbear.com/ae/stwd-embroidered-hoodie-l07560504 - STATUS: DUPLICATE
2025-09-03 17:37:31,638 - CATEGORY: 1030017537 - PRODUCT_ID: 711646898 - URL: https://www.pullandbear.com/ae/stwd-washed-hoodie-l07560517 - STATUS: NEW
2025-09-03 17:37:31,639 - CATEGORY: 1030017537 - PRODUCT_ID: 711646898 - URL: https://www.pullandbear.com/ae/stwd-washed-hoodie-l07560517 - STATUS: DUPLICATE
2025-09-03 17:37:31,639 - CATEGORY: 1030017537 - PRODUCT_ID: 716676797 - URL: https://www.pullandbear.com/ae/acid-wash-faded-knit-sweater-l07550510 - STATUS: NEW
2025-09-03 17:37:31,639 - CATEGORY: 1030017537 - PRODUCT_ID: 716676797 - URL: https://www.pullandbear.com/ae/acid-wash-faded-knit-sweater-l07550510 - STATUS: DUPLICATE
2025-09-03 17:37:31,639 - CATEGORY: 1030017537 - PRODUCT_ID: 716676798 - URL: https://www.pullandbear.com/ae/acid-wash-faded-knit-sweater-l07550510 - STATUS: NEW
2025-09-03 17:37:31,640 - CATEGORY: 1030017537 - PRODUCT_ID: 716676798 - URL: https://www.pullandbear.com/ae/acid-wash-faded-knit-sweater-l07550510 - STATUS: DUPLICATE
2025-09-03 17:37:31,640 - CATEGORY: 1030017537 - PRODUCT_ID: 715296447 - URL: https://www.pullandbear.com/ae/mickey-mouse-hoodie-l07650516 - STATUS: NEW
2025-09-03 17:37:31,641 - CATEGORY: 1030017537 - PRODUCT_ID: 715296447 - URL: https://www.pullandbear.com/ae/mickey-mouse-hoodie-l07650516 - STATUS: DUPLICATE
2025-09-03 17:37:32,486 - CATEGORY: 1030017537 - PRODUCT_ID: 716676799 - URL: https://www.pullandbear.com/ae/striped-long-sleeve-shirt-l07472567 - STATUS: NEW
2025-09-03 17:37:32,487 - CATEGORY: 1030017537 - PRODUCT_ID: 716676799 - URL: https://www.pullandbear.com/ae/striped-long-sleeve-shirt-l07472567 - STATUS: DUPLICATE
2025-09-03 17:37:32,487 - CATEGORY: 1030017537 - PRODUCT_ID: 716676800 - URL: https://www.pullandbear.com/ae/acid-wash-faded-knit-sweater-l07550510 - STATUS: NEW
2025-09-03 17:37:32,488 - CATEGORY: 1030017537 - PRODUCT_ID: 716676800 - URL: https://www.pullandbear.com/ae/acid-wash-faded-knit-sweater-l07550510 - STATUS: DUPLICATE
2025-09-03 17:37:32,488 - CATEGORY: 1030017537 - PRODUCT_ID: 716676802 - URL: https://www.pullandbear.com/ae/quarterzip-sweater-l07550511 - STATUS: NEW
2025-09-03 17:37:32,489 - CATEGORY: 1030017537 - PRODUCT_ID: 716676802 - URL: https://www.pullandbear.com/ae/quarterzip-sweater-l07550511 - STATUS: DUPLICATE
2025-09-03 17:37:32,489 - CATEGORY: 1030017537 - PRODUCT_ID: 711646915 - URL: https://www.pullandbear.com/ae/basic-round-neck-sweatshirt-l07560514 - STATUS: NEW
2025-09-03 17:37:32,489 - CATEGORY: 1030017537 - PRODUCT_ID: 711646915 - URL: https://www.pullandbear.com/ae/basic-round-neck-sweatshirt-l07560514 - STATUS: DUPLICATE
2025-09-03 17:37:32,489 - CATEGORY: 1030017537 - PRODUCT_ID: 716676808 - URL: https://www.pullandbear.com/ae/acid-wash-faded-knit-sweater-l07550510 - STATUS: NEW
2025-09-03 17:37:32,490 - CATEGORY: 1030017537 - PRODUCT_ID: 716676808 - URL: https://www.pullandbear.com/ae/acid-wash-faded-knit-sweater-l07550510 - STATUS: DUPLICATE
2025-09-03 17:37:32,490 - CATEGORY: 1030017537 - PRODUCT_ID: 716676817 - URL: https://www.pullandbear.com/ae/acid-wash-faded-knit-sweater-l07550510 - STATUS: NEW
2025-09-03 17:37:32,490 - CATEGORY: 1030017537 - PRODUCT_ID: 716676817 - URL: https://www.pullandbear.com/ae/acid-wash-faded-knit-sweater-l07550510 - STATUS: DUPLICATE
2025-09-03 17:37:32,491 - CATEGORY: 1030017537 - PRODUCT_ID: 716676818 - URL: https://www.pullandbear.com/ae/quarterzip-sweater-l07550511 - STATUS: NEW
2025-09-03 17:37:32,491 - CATEGORY: 1030017537 - PRODUCT_ID: 716676818 - URL: https://www.pullandbear.com/ae/quarterzip-sweater-l07550511 - STATUS: DUPLICATE
2025-09-03 17:37:33,295 - CATEGORY: 1030017537 - PRODUCT_ID: 714313575 - URL: https://www.pullandbear.com/ae/stwd-patch-hoodie-l07560520 - STATUS: NEW
2025-09-03 17:37:33,297 - CATEGORY: 1030017537 - PRODUCT_ID: 714313575 - URL: https://www.pullandbear.com/ae/stwd-patch-hoodie-l07560520 - STATUS: DUPLICATE
2025-09-03 17:37:33,297 - CATEGORY: 1030017537 - PRODUCT_ID: 714313577 - URL: https://www.pullandbear.com/ae/stwd-patch-hoodie-l07560520 - STATUS: NEW
2025-09-03 17:37:33,298 - CATEGORY: 1030017537 - PRODUCT_ID: 714313577 - URL: https://www.pullandbear.com/ae/stwd-patch-hoodie-l07560520 - STATUS: DUPLICATE
2025-09-03 17:37:33,299 - CATEGORY: 1030017537 - PRODUCT_ID: 714313578 - URL: https://www.pullandbear.com/ae/stwd-patch-hoodie-l07560520 - STATUS: NEW
2025-09-03 17:37:33,300 - CATEGORY: 1030017537 - PRODUCT_ID: 714313578 - URL: https://www.pullandbear.com/ae/stwd-patch-hoodie-l07560520 - STATUS: DUPLICATE
2025-09-03 17:37:33,300 - CATEGORY: 1030017537 - PRODUCT_ID: 714313579 - URL: https://www.pullandbear.com/ae/striped-denim-bermuda-shorts-l07696513 - STATUS: NEW
2025-09-03 17:37:33,301 - CATEGORY: 1030017537 - PRODUCT_ID: 714313580 - URL: https://www.pullandbear.com/ae/faded-wideleg-jeans-l07687505 - STATUS: NEW
2025-09-03 17:37:33,302 - CATEGORY: 1030017537 - PRODUCT_ID: 714313580 - URL: https://www.pullandbear.com/ae/faded-wideleg-jeans-l07687505 - STATUS: DUPLICATE
2025-09-03 17:37:33,302 - CATEGORY: 1030017537 - PRODUCT_ID: 714313581 - URL: https://www.pullandbear.com/ae/contrast-stitch-tshirt-l07151551 - STATUS: NEW
2025-09-03 17:37:33,303 - CATEGORY: 1030017537 - PRODUCT_ID: 714313581 - URL: https://www.pullandbear.com/ae/contrast-stitch-tshirt-l07151551 - STATUS: DUPLICATE
2025-09-03 17:37:33,303 - CATEGORY: 1030017537 - PRODUCT_ID: 714313582 - URL: https://www.pullandbear.com/ae/long-sleeve-technical-shirt-l07472532 - STATUS: NEW
2025-09-03 17:37:34,385 - CATEGORY: 1030017537 - PRODUCT_ID: 714313590 - URL: https://www.pullandbear.com/ae/striped-denim-bermuda-shorts-l07696513 - STATUS: NEW
2025-09-03 17:37:34,387 - CATEGORY: 1030017537 - PRODUCT_ID: 714313590 - URL: https://www.pullandbear.com/ae/striped-denim-bermuda-shorts-l07696513 - STATUS: DUPLICATE
2025-09-03 17:37:34,387 - CATEGORY: 1030017537 - PRODUCT_ID: 714313593 - URL: https://www.pullandbear.com/ae/long-sleeve-tshirt-with-seams-l07151513 - STATUS: NEW
2025-09-03 17:37:34,388 - CATEGORY: 1030017537 - PRODUCT_ID: 714313593 - URL: https://www.pullandbear.com/ae/long-sleeve-tshirt-with-seams-l07151513 - STATUS: DUPLICATE
2025-09-03 17:37:34,388 - CATEGORY: 1030017537 - PRODUCT_ID: 715296639 - URL: https://www.pullandbear.com/ae/playstation-x-stwd-joggers-l07674518 - STATUS: NEW
2025-09-03 17:37:34,389 - CATEGORY: 1030017537 - PRODUCT_ID: 715296639 - URL: https://www.pullandbear.com/ae/playstation-x-stwd-joggers-l07674518 - STATUS: DUPLICATE
2025-09-03 17:37:34,389 - CATEGORY: 1030017537 - PRODUCT_ID: 714313612 - URL: https://www.pullandbear.com/ae/stwd-soccer-tshirt-l07152928 - STATUS: NEW
2025-09-03 17:37:34,389 - CATEGORY: 1030017537 - PRODUCT_ID: 714313612 - URL: https://www.pullandbear.com/ae/stwd-soccer-tshirt-l07152928 - STATUS: DUPLICATE
2025-09-03 17:37:34,389 - CATEGORY: 1030017537 - PRODUCT_ID: 714313616 - URL: https://www.pullandbear.com/ae/embroidered-varsity-bomber-jacket-l07700527 - STATUS: NEW
2025-09-03 17:37:34,390 - CATEGORY: 1030017537 - PRODUCT_ID: 714313616 - URL: https://www.pullandbear.com/ae/embroidered-varsity-bomber-jacket-l07700527 - STATUS: DUPLICATE
2025-09-03 17:37:34,390 - CATEGORY: 1030017537 - PRODUCT_ID: 714313617 - URL: https://www.pullandbear.com/ae/jacket-with-corduroy-collar-l07700520 - STATUS: NEW
2025-09-03 17:37:34,390 - CATEGORY: 1030017537 - PRODUCT_ID: 714313617 - URL: https://www.pullandbear.com/ae/jacket-with-corduroy-collar-l07700520 - STATUS: DUPLICATE
2025-09-03 17:37:34,391 - CATEGORY: 1030017537 - PRODUCT_ID: 714313621 - URL: https://www.pullandbear.com/ae/car-graphic-tshirt-l07151565 - STATUS: NEW
2025-09-03 17:37:34,391 - CATEGORY: 1030017537 - PRODUCT_ID: 714313621 - URL: https://www.pullandbear.com/ae/car-graphic-tshirt-l07151565 - STATUS: DUPLICATE
2025-09-03 17:37:34,391 - CATEGORY: 1030017537 - PRODUCT_ID: 714313626 - URL: https://www.pullandbear.com/ae/stwd-embroidered-logo-hoodie-l07560518 - STATUS: NEW
2025-09-03 17:37:34,392 - CATEGORY: 1030017537 - PRODUCT_ID: 714313626 - URL: https://www.pullandbear.com/ae/stwd-embroidered-logo-hoodie-l07560518 - STATUS: DUPLICATE
2025-09-03 17:37:34,392 - CATEGORY: 1030017537 - PRODUCT_ID: 714313627 - URL: https://www.pullandbear.com/ae/stwd-embroidered-logo-hoodie-l07560518 - STATUS: NEW
2025-09-03 17:37:34,393 - CATEGORY: 1030017537 - PRODUCT_ID: 714313627 - URL: https://www.pullandbear.com/ae/stwd-embroidered-logo-hoodie-l07560518 - STATUS: DUPLICATE
2025-09-03 17:37:34,393 - CATEGORY: 1030017537 - PRODUCT_ID: 714313628 - URL: https://www.pullandbear.com/ae/stwd-embroidered-logo-hoodie-l07560518 - STATUS: NEW
2025-09-03 17:37:34,393 - CATEGORY: 1030017537 - PRODUCT_ID: 714313628 - URL: https://www.pullandbear.com/ae/stwd-embroidered-logo-hoodie-l07560518 - STATUS: DUPLICATE
2025-09-03 17:37:34,393 - CATEGORY: 1030017537 - PRODUCT_ID: 711647136 - URL: https://www.pullandbear.com/ae/stwd-zipup-hoodie-l07560526 - STATUS: NEW
2025-09-03 17:37:35,214 - CATEGORY: 1030017537 - PRODUCT_ID: 711647138 - URL: https://www.pullandbear.com/ae/stwd-panelled-shirt-l07472544 - STATUS: NEW
2025-09-03 17:37:35,215 - CATEGORY: 1030017537 - PRODUCT_ID: 711647138 - URL: https://www.pullandbear.com/ae/stwd-panelled-shirt-l07472544 - STATUS: DUPLICATE
2025-09-03 17:37:35,216 - CATEGORY: 1030017537 - PRODUCT_ID: 696614819 - URL: https://www.pullandbear.com/ae/stwd-cement-tshirt-l07152500 - STATUS: NEW
2025-09-03 17:37:35,217 - CATEGORY: 1030017537 - PRODUCT_ID: 715722666 - URL: https://www.pullandbear.com/ae/playstation-x-stwd-football-tshirt-l07152534 - STATUS: NEW
2025-09-03 17:37:35,218 - CATEGORY: 1030017537 - PRODUCT_ID: 715722666 - URL: https://www.pullandbear.com/ae/playstation-x-stwd-football-tshirt-l07152534 - STATUS: DUPLICATE
2025-09-03 17:37:35,218 - CATEGORY: 1030017537 - PRODUCT_ID: 714313642 - URL: https://www.pullandbear.com/ae/waffleknit-sweater-l07550508 - STATUS: NEW
2025-09-03 17:37:35,218 - CATEGORY: 1030017537 - PRODUCT_ID: 714313642 - URL: https://www.pullandbear.com/ae/waffleknit-sweater-l07550508 - STATUS: DUPLICATE
2025-09-03 17:37:35,218 - CATEGORY: 1030017537 - PRODUCT_ID: 714313644 - URL: https://www.pullandbear.com/ae/waffleknit-sweater-l07550508 - STATUS: NEW
2025-09-03 17:37:35,219 - CATEGORY: 1030017537 - PRODUCT_ID: 714313644 - URL: https://www.pullandbear.com/ae/waffleknit-sweater-l07550508 - STATUS: DUPLICATE
2025-09-03 17:37:35,219 - CATEGORY: 1030017537 - PRODUCT_ID: 714313643 - URL: https://www.pullandbear.com/ae/waffleknit-sweater-l07550508 - STATUS: NEW
2025-09-03 17:37:35,219 - CATEGORY: 1030017537 - PRODUCT_ID: 714313643 - URL: https://www.pullandbear.com/ae/waffleknit-sweater-l07550508 - STATUS: DUPLICATE
2025-09-03 17:37:35,219 - CATEGORY: 1030017537 - PRODUCT_ID: 711647151 - URL: https://www.pullandbear.com/ae/stwd-zipup-hoodie-l07560526 - STATUS: NEW
2025-09-03 17:37:35,220 - CATEGORY: 1030017537 - PRODUCT_ID: 711647151 - URL: https://www.pullandbear.com/ae/stwd-zipup-hoodie-l07560526 - STATUS: DUPLICATE
2025-09-03 17:37:35,220 - CATEGORY: 1030017537 - PRODUCT_ID: 715722672 - URL: https://www.pullandbear.com/ae/long-sleeve-polo-shirt-l07200510 - STATUS: NEW
2025-09-03 17:37:35,221 - CATEGORY: 1030017537 - PRODUCT_ID: 715722672 - URL: https://www.pullandbear.com/ae/long-sleeve-polo-shirt-l07200510 - STATUS: DUPLICATE
2025-09-03 17:37:35,921 - CATEGORY: 1030017537 - PRODUCT_ID: 715722673 - URL: https://www.pullandbear.com/ae/short-sleeve-mosquito-sweatshirt-l07151537 - STATUS: NEW
2025-09-03 17:37:35,923 - CATEGORY: 1030017537 - PRODUCT_ID: 715722673 - URL: https://www.pullandbear.com/ae/short-sleeve-mosquito-sweatshirt-l07151537 - STATUS: DUPLICATE
2025-09-03 17:37:35,923 - CATEGORY: 1030017537 - PRODUCT_ID: 715722674 - URL: https://www.pullandbear.com/ae/short-sleeve-sweatshirt-with-slogan-l07151534 - STATUS: NEW
2025-09-03 17:37:35,924 - CATEGORY: 1030017537 - PRODUCT_ID: 711647154 - URL: https://www.pullandbear.com/ae/faded-stwd-tshirt-l07151563 - STATUS: NEW
2025-09-03 17:37:35,925 - CATEGORY: 1030017537 - PRODUCT_ID: 711647154 - URL: https://www.pullandbear.com/ae/faded-stwd-tshirt-l07151563 - STATUS: DUPLICATE
2025-09-03 17:37:35,925 - CATEGORY: 1030017537 - PRODUCT_ID: 715722676 - URL: https://www.pullandbear.com/ae/stwd-cherry-hoodie-l07560562 - STATUS: NEW
2025-09-03 17:37:35,926 - CATEGORY: 1030017537 - PRODUCT_ID: 715722677 - URL: https://www.pullandbear.com/ae/stwd-hooded-zipup-jacket-l07700507 - STATUS: NEW
2025-09-03 17:37:35,927 - CATEGORY: 1030017537 - PRODUCT_ID: 715722677 - URL: https://www.pullandbear.com/ae/stwd-hooded-zipup-jacket-l07700507 - STATUS: DUPLICATE
2025-09-03 17:37:35,928 - CATEGORY: 1030017537 - PRODUCT_ID: 711647153 - URL: https://www.pullandbear.com/ae/stwd-polo-shirt-l07550531 - STATUS: NEW
2025-09-03 17:37:35,928 - CATEGORY: 1030017537 - PRODUCT_ID: 711647153 - URL: https://www.pullandbear.com/ae/stwd-polo-shirt-l07550531 - STATUS: DUPLICATE
2025-09-03 17:37:35,929 - CATEGORY: 1030017537 - PRODUCT_ID: 715722681 - URL: https://www.pullandbear.com/ae/balloon-fit-jeans-with-embroidered-pocket-l03683512 - STATUS: NEW
2025-09-03 17:37:35,929 - CATEGORY: 1030017537 - PRODUCT_ID: 715722681 - URL: https://www.pullandbear.com/ae/balloon-fit-jeans-with-embroidered-pocket-l03683512 - STATUS: DUPLICATE
2025-09-03 17:37:35,929 - CATEGORY: 1030017537 - PRODUCT_ID: 715722682 - URL: https://www.pullandbear.com/ae/stwd-strawberry-hoodie-l07560561 - STATUS: NEW
2025-09-03 17:37:35,930 - CATEGORY: 1030017537 - PRODUCT_ID: 715722683 - URL: https://www.pullandbear.com/ae/stwd-hooded-zipup-jacket-l07700507 - STATUS: NEW
2025-09-03 17:37:35,930 - CATEGORY: 1030017537 - PRODUCT_ID: 715722683 - URL: https://www.pullandbear.com/ae/stwd-hooded-zipup-jacket-l07700507 - STATUS: DUPLICATE
2025-09-03 17:37:35,930 - CATEGORY: 1030017537 - PRODUCT_ID: 696614844 - URL: https://www.pullandbear.com/ae/stwd-hoodie-l03594570 - STATUS: NEW
2025-09-03 17:37:35,931 - CATEGORY: 1030017537 - PRODUCT_ID: 715722689 - URL: https://www.pullandbear.com/ae/stwd-studio-hoodie-l07560533 - STATUS: NEW
2025-09-03 17:37:35,931 - CATEGORY: 1030017537 - PRODUCT_ID: 715722689 - URL: https://www.pullandbear.com/ae/stwd-studio-hoodie-l07560533 - STATUS: DUPLICATE
2025-09-03 17:37:35,931 - CATEGORY: 1030017537 - PRODUCT_ID: 715722690 - URL: https://www.pullandbear.com/ae/stwd-fresh-codes-sweatshirt-l07560536 - STATUS: NEW
2025-09-03 17:37:36,741 - CATEGORY: 1030017537 - PRODUCT_ID: 715722693 - URL: https://www.pullandbear.com/ae/cotton-bomber-jacket-l07701514 - STATUS: NEW
2025-09-03 17:37:36,743 - CATEGORY: 1030017537 - PRODUCT_ID: 715722694 - URL: https://www.pullandbear.com/ae/stwd-studio-hoodie-l07560533 - STATUS: NEW
2025-09-03 17:37:36,743 - CATEGORY: 1030017537 - PRODUCT_ID: 715722694 - URL: https://www.pullandbear.com/ae/stwd-studio-hoodie-l07560533 - STATUS: DUPLICATE
2025-09-03 17:37:36,744 - CATEGORY: 1030017537 - PRODUCT_ID: 715722695 - URL: https://www.pullandbear.com/ae/stwd-1991-hoodie-l07560917 - STATUS: NEW
2025-09-03 17:37:36,744 - CATEGORY: 1030017537 - PRODUCT_ID: 715722697 - URL: https://www.pullandbear.com/ae/91-knit-soccer-polo-shirt-l07550530 - STATUS: NEW
2025-09-03 17:37:36,745 - CATEGORY: 1030017537 - PRODUCT_ID: 693518282 - URL: https://www.pullandbear.com/ae/baggy-pants-l07674510 - STATUS: NEW
2025-09-03 17:37:36,745 - CATEGORY: 1030017537 - PRODUCT_ID: 693518281 - URL: https://www.pullandbear.com/ae/baggy-pants-l07674510 - STATUS: NEW
2025-09-03 17:37:36,746 - CATEGORY: 1030017537 - PRODUCT_ID: 693518281 - URL: https://www.pullandbear.com/ae/baggy-pants-l07674510 - STATUS: DUPLICATE
2025-09-03 17:37:36,746 - CATEGORY: 1030017537 - PRODUCT_ID: 715722701 - URL: https://www.pullandbear.com/ae/cotton-bomber-jacket-l07701514 - STATUS: NEW
2025-09-03 17:37:36,747 - CATEGORY: 1030017537 - PRODUCT_ID: 715722701 - URL: https://www.pullandbear.com/ae/cotton-bomber-jacket-l07701514 - STATUS: DUPLICATE
2025-09-03 17:37:36,747 - CATEGORY: 1030017537 - PRODUCT_ID: 715722705 - URL: https://www.pullandbear.com/ae/stwd-ripstop-raincoat-l07700526 - STATUS: NEW
2025-09-03 17:37:36,748 - CATEGORY: 1030017537 - PRODUCT_ID: 715722705 - URL: https://www.pullandbear.com/ae/stwd-ripstop-raincoat-l07700526 - STATUS: DUPLICATE
2025-09-03 17:37:36,748 - CATEGORY: 1030017537 - PRODUCT_ID: 715722706 - URL: https://www.pullandbear.com/ae/stwd-ripstop-raincoat-l07700526 - STATUS: NEW
2025-09-03 17:37:36,749 - CATEGORY: 1030017537 - PRODUCT_ID: 715722706 - URL: https://www.pullandbear.com/ae/stwd-ripstop-raincoat-l07700526 - STATUS: DUPLICATE
2025-09-03 17:37:36,749 - CATEGORY: 1030017537 - PRODUCT_ID: 715722710 - URL: https://www.pullandbear.com/ae/playstation-x-stwd-color-block-jacket-l07701511 - STATUS: NEW
2025-09-03 17:37:36,750 - CATEGORY: 1030017537 - PRODUCT_ID: 715722710 - URL: https://www.pullandbear.com/ae/playstation-x-stwd-color-block-jacket-l07701511 - STATUS: DUPLICATE
2025-09-03 17:37:36,750 - CATEGORY: 1030017537 - PRODUCT_ID: 715722711 - URL: https://www.pullandbear.com/ae/panelled-playstation-x-stwd-tshirt-l07152530 - STATUS: NEW
2025-09-03 17:37:36,751 - CATEGORY: 1030017537 - PRODUCT_ID: 715722711 - URL: https://www.pullandbear.com/ae/panelled-playstation-x-stwd-tshirt-l07152530 - STATUS: DUPLICATE
2025-09-03 17:37:36,751 - CATEGORY: 1030017537 - PRODUCT_ID: 715722740 - URL: https://www.pullandbear.com/ae/playstation-x-stwd-joggers-l07674518 - STATUS: NEW
2025-09-03 17:37:36,752 - CATEGORY: 1030017537 - PRODUCT_ID: 715722740 - URL: https://www.pullandbear.com/ae/playstation-x-stwd-joggers-l07674518 - STATUS: DUPLICATE
2025-09-03 17:37:37,925 - CATEGORY: 1030017537 - PRODUCT_ID: 715722741 - URL: https://www.pullandbear.com/ae/playstation-x-stwd-polo-shirt-l07152934 - STATUS: NEW
2025-09-03 17:37:37,927 - CATEGORY: 1030017537 - PRODUCT_ID: 715722741 - URL: https://www.pullandbear.com/ae/playstation-x-stwd-polo-shirt-l07152934 - STATUS: DUPLICATE
2025-09-03 17:37:37,927 - CATEGORY: 1030017537 - PRODUCT_ID: 715722742 - URL: https://www.pullandbear.com/ae/denim-hooded-jacket-l07700545 - STATUS: NEW
2025-09-03 17:37:37,928 - CATEGORY: 1030017537 - PRODUCT_ID: 715722742 - URL: https://www.pullandbear.com/ae/denim-hooded-jacket-l07700545 - STATUS: DUPLICATE
2025-09-03 17:37:37,928 - CATEGORY: 1030017537 - PRODUCT_ID: 714313719 - URL: https://www.pullandbear.com/ae/mickey-mouse-hoodie-l07650516 - STATUS: NEW
2025-09-03 17:37:37,928 - CATEGORY: 1030017537 - PRODUCT_ID: 714313719 - URL: https://www.pullandbear.com/ae/mickey-mouse-hoodie-l07650516 - STATUS: DUPLICATE
2025-09-03 17:37:37,929 - CATEGORY: 1030017537 - PRODUCT_ID: 715722744 - URL: https://www.pullandbear.com/ae/denim-hooded-jacket-l07700545 - STATUS: NEW
2025-09-03 17:37:37,929 - CATEGORY: 1030017537 - PRODUCT_ID: 715722744 - URL: https://www.pullandbear.com/ae/denim-hooded-jacket-l07700545 - STATUS: DUPLICATE
2025-09-03 17:37:37,929 - CATEGORY: 1030017537 - PRODUCT_ID: 715722748 - URL: https://www.pullandbear.com/ae/sweatpants-with-splits-l03681501 - STATUS: NEW
2025-09-03 17:37:37,930 - CATEGORY: 1030017537 - PRODUCT_ID: 715722748 - URL: https://www.pullandbear.com/ae/sweatpants-with-splits-l03681501 - STATUS: DUPLICATE
2025-09-03 17:37:37,930 - CATEGORY: 1030017537 - PRODUCT_ID: 715722750 - URL: https://www.pullandbear.com/ae/sweatpants-with-splits-l03681501 - STATUS: NEW
2025-09-03 17:37:37,932 - CATEGORY: 1030017537 - PRODUCT_ID: 715722750 - URL: https://www.pullandbear.com/ae/sweatpants-with-splits-l03681501 - STATUS: DUPLICATE
2025-09-03 17:37:38,689 - CATEGORY: 1030680113 - PRODUCT_ID: 715296425 - URL: https://www.pullandbear.com/ae/split-suede-trainers-l12220640 - STATUS: NEW
2025-09-03 17:37:38,691 - CATEGORY: 1030680113 - PRODUCT_ID: 715296426 - URL: https://www.pullandbear.com/ae/wideleg-jeans-with-darts-l07687565 - STATUS: NEW
2025-09-03 17:37:38,692 - CATEGORY: 1030680113 - PRODUCT_ID: 715296426 - URL: https://www.pullandbear.com/ae/wideleg-jeans-with-darts-l07687565 - STATUS: DUPLICATE
2025-09-03 17:37:38,692 - CATEGORY: 1030680113 - PRODUCT_ID: 715296331 - URL: https://www.pullandbear.com/ae/baggy-pants-l07674510 - STATUS: NEW
2025-09-03 17:37:38,693 - CATEGORY: 1030680113 - PRODUCT_ID: 715296331 - URL: https://www.pullandbear.com/ae/baggy-pants-l07674510 - STATUS: DUPLICATE
2025-09-03 17:37:38,693 - CATEGORY: 1030680113 - PRODUCT_ID: 715296333 - URL: https://www.pullandbear.com/ae/cotton-bomber-jacket-l07701514 - STATUS: NEW
2025-09-03 17:37:38,694 - CATEGORY: 1030680113 - PRODUCT_ID: 715296333 - URL: https://www.pullandbear.com/ae/cotton-bomber-jacket-l07701514 - STATUS: DUPLICATE
2025-09-03 17:37:38,695 - CATEGORY: 1030680113 - PRODUCT_ID: 715296334 - URL: https://www.pullandbear.com/ae/washed-stwd-sleeveless-tshirt-l07151504 - STATUS: NEW
2025-09-03 17:37:38,698 - CATEGORY: 1030680113 - PRODUCT_ID: 715296430 - URL: https://www.pullandbear.com/ae/faux-leather-jacket-l07700513 - STATUS: NEW
2025-09-03 17:37:38,699 - CATEGORY: 1030680113 - PRODUCT_ID: 715296430 - URL: https://www.pullandbear.com/ae/faux-leather-jacket-l07700513 - STATUS: DUPLICATE
2025-09-03 17:37:38,700 - CATEGORY: 1030680113 - PRODUCT_ID: 715296336 - URL: https://www.pullandbear.com/ae/super-baggy-jacquard-trousers-l07674507 - STATUS: NEW
2025-09-03 17:37:38,701 - CATEGORY: 1030680113 - PRODUCT_ID: 715296336 - URL: https://www.pullandbear.com/ae/super-baggy-jacquard-trousers-l07674507 - STATUS: DUPLICATE
2025-09-03 17:37:38,702 - CATEGORY: 1030680113 - PRODUCT_ID: 715296337 - URL: https://www.pullandbear.com/ae/denim-jacket-with-zipper-l07700550 - STATUS: NEW
2025-09-03 17:37:38,703 - CATEGORY: 1030680113 - PRODUCT_ID: 715296337 - URL: https://www.pullandbear.com/ae/denim-jacket-with-zipper-l07700550 - STATUS: DUPLICATE
2025-09-03 17:37:38,703 - CATEGORY: 1030680113 - PRODUCT_ID: 715296338 - URL: https://www.pullandbear.com/ae/playstation-x-stwd-football-tshirt-l07152534 - STATUS: NEW
2025-09-03 17:37:38,704 - CATEGORY: 1030680113 - PRODUCT_ID: 715296338 - URL: https://www.pullandbear.com/ae/playstation-x-stwd-football-tshirt-l07152534 - STATUS: DUPLICATE
2025-09-03 17:37:38,705 - CATEGORY: 1030680113 - PRODUCT_ID: 715296339 - URL: https://www.pullandbear.com/ae/wideleg-jeans-with-darts-l07687565 - STATUS: NEW
2025-09-03 17:37:38,708 - CATEGORY: 1030680113 - PRODUCT_ID: 715296339 - URL: https://www.pullandbear.com/ae/wideleg-jeans-with-darts-l07687565 - STATUS: DUPLICATE
2025-09-03 17:37:38,709 - CATEGORY: 1030680113 - PRODUCT_ID: 715296340 - URL: https://www.pullandbear.com/ae/short-sleeve-sweatshirt-with-slogan-l07151534 - STATUS: NEW
2025-09-03 17:37:38,713 - CATEGORY: 1030680113 - PRODUCT_ID: 715296340 - URL: https://www.pullandbear.com/ae/short-sleeve-sweatshirt-with-slogan-l07151534 - STATUS: DUPLICATE
2025-09-03 17:37:38,716 - CATEGORY: 1030680113 - PRODUCT_ID: 715295991 - URL: https://www.pullandbear.com/ae/side-stripe-baggy-jeans-l07687503 - STATUS: NEW
2025-09-03 17:37:38,718 - CATEGORY: 1030680113 - PRODUCT_ID: 715295991 - URL: https://www.pullandbear.com/ae/side-stripe-baggy-jeans-l07687503 - STATUS: DUPLICATE
2025-09-03 17:37:39,230 - CATEGORY: 1030680113 - PRODUCT_ID: 715296024 - URL: https://www.pullandbear.com/ae/cotton-bomber-jacket-l07701514 - STATUS: NEW
2025-09-03 17:37:39,232 - CATEGORY: 1030680113 - PRODUCT_ID: 715296024 - URL: https://www.pullandbear.com/ae/cotton-bomber-jacket-l07701514 - STATUS: DUPLICATE
2025-09-03 17:37:39,232 - CATEGORY: 1030680113 - PRODUCT_ID: 715295902 - URL: https://www.pullandbear.com/ae/striped-pique-tshirt-l07151564 - STATUS: NEW
2025-09-03 17:37:39,234 - CATEGORY: 1030680113 - PRODUCT_ID: 715295836 - URL: https://www.pullandbear.com/ae/camouflage-print-carpenter-jeans-l07674512 - STATUS: NEW
2025-09-03 17:37:39,235 - CATEGORY: 1030680113 - PRODUCT_ID: 715295836 - URL: https://www.pullandbear.com/ae/camouflage-print-carpenter-jeans-l07674512 - STATUS: DUPLICATE
2025-09-03 17:37:39,236 - CATEGORY: 1030680113 - PRODUCT_ID: 715295837 - URL: https://www.pullandbear.com/ae/jacket-with-corduroy-collar-l07700520 - STATUS: NEW
2025-09-03 17:37:39,237 - CATEGORY: 1030680113 - PRODUCT_ID: 715295837 - URL: https://www.pullandbear.com/ae/jacket-with-corduroy-collar-l07700520 - STATUS: DUPLICATE
2025-09-03 17:37:39,238 - CATEGORY: 1030680113 - PRODUCT_ID: 715295838 - URL: https://www.pullandbear.com/ae/polo-collar-sweatshirt-l07200509 - STATUS: NEW
2025-09-03 17:37:39,239 - CATEGORY: 1030680113 - PRODUCT_ID: 715295838 - URL: https://www.pullandbear.com/ae/polo-collar-sweatshirt-l07200509 - STATUS: DUPLICATE
