WEBSITE URL : https://www.very.co.uk/ 


- Meeting was conducted.
- Completed very feasibility study.
- Almost completed very code to scrap sample data.

REGUIREMENTS 

    - 200 data
    - CSV format

    Fields

        1) product_id
        1) product_name
        2) brand
        3) regular_price
        4) selling_price
        5) promotion_description
        6) currency
        7) pdp_url
        8) breadcrumb
        9) product_description
       10) color
       11) size
       12) rating
       13) review
       14) features
       15) material_care
       16) image_url